<?xml version="1.0" encoding="UTF-8" standalone="yes"?><!DOCTYPE report PUBLIC "-//JACOCO//DTD Report 1.0//EN" "report.dtd"><report name="JaCoCoverage analysis (powered by JaCoCo from EclEmma)"><sessioninfo id="Amatullah-d3492efb" start="1433974083281" dump="1433974109838"/><package name="org/terifan/raccoon/security"><class name="org/terifan/raccoon/security/SHABase"><method name="&lt;init&gt;" desc="(Ljava/lang/String;)V" line="27"><counter type="INSTRUCTION" missed="0" covered="17"/><counter type="LINE" missed="0" covered="6"/><counter type="COMPLEXITY" missed="0" covered="1"/><counter type="METHOD" missed="0" covered="1"/></method><method name="&lt;init&gt;" desc="(Ljava/lang/String;Lorg/terifan/raccoon/security/SHABase;)V" line="27"><counter type="INSTRUCTION" missed="68" covered="0"/><counter type="LINE" missed="17" covered="0"/><counter type="COMPLEXITY" missed="1" covered="0"/><counter type="METHOD" missed="1" covered="0"/></method><method name="engineDigest" desc="()[B" line="68"><counter type="INSTRUCTION" missed="6" covered="14"/><counter type="LINE" missed="2" covered="4"/><counter type="COMPLEXITY" missed="0" covered="1"/><counter type="METHOD" missed="0" covered="1"/></method><method name="engineUpdate" desc="(Ljava/nio/ByteBuffer;)V" line="86"><counter type="INSTRUCTION" missed="9" covered="0"/><counter type="BRANCH" missed="2" covered="0"/><counter type="LINE" missed="3" covered="0"/><counter type="COMPLEXITY" missed="2" covered="0"/><counter type="METHOD" missed="1" covered="0"/></method><method name="engineUpdate" desc="(B)V" line="96"><counter type="INSTRUCTION" missed="0" covered="32"/><counter type="BRANCH" missed="0" covered="2"/><counter type="LINE" missed="0" covered="6"/><counter type="COMPLEXITY" missed="0" covered="2"/><counter type="METHOD" missed="0" covered="1"/></method><method name="engineUpdate" desc="([BII)V" line="117"><counter type="INSTRUCTION" missed="10" covered="45"/><counter type="BRANCH" missed="3" covered="5"/><counter type="LINE" missed="3" covered="11"/><counter type="COMPLEXITY" missed="2" covered="3"/><counter type="METHOD" missed="0" covered="1"/></method><method name="finish" desc="()V" line="151"><counter type="INSTRUCTION" missed="0" covered="27"/><counter type="BRANCH" missed="0" covered="2"/><counter type="LINE" missed="0" covered="9"/><counter type="COMPLEXITY" missed="0" covered="2"/><counter type="METHOD" missed="0" covered="1"/></method><method name="baseReset" desc="()V" line="173"><counter type="INSTRUCTION" missed="0" covered="41"/><counter type="BRANCH" missed="0" covered="4"/><counter type="LINE" missed="0" covered="9"/><counter type="COMPLEXITY" missed="0" covered="3"/><counter type="METHOD" missed="0" covered="1"/></method><method name="processWord" desc="([BI)V" line="193"><counter type="INSTRUCTION" missed="0" covered="100"/><counter type="BRANCH" missed="0" covered="2"/><counter type="LINE" missed="0" covered="4"/><counter type="COMPLEXITY" missed="0" covered="2"/><counter type="METHOD" missed="0" covered="1"/></method><method name="unpackWord" desc="(J[BI)V" line="213"><counter type="INSTRUCTION" missed="0" covered="77"/><counter type="LINE" missed="0" covered="9"/><counter type="COMPLEXITY" missed="0" covered="1"/><counter type="METHOD" missed="0" covered="1"/></method><method name="adjustByteCounts" desc="()V" line="229"><counter type="INSTRUCTION" missed="15" covered="6"/><counter type="BRANCH" missed="1" covered="1"/><counter type="LINE" missed="2" covered="2"/><counter type="COMPLEXITY" missed="1" covered="1"/><counter type="METHOD" missed="0" covered="1"/></method><method name="processLength" desc="(JJ)V" line="240"><counter type="INSTRUCTION" missed="2" covered="15"/><counter type="BRANCH" missed="1" covered="1"/><counter type="LINE" missed="1" covered="4"/><counter type="COMPLEXITY" missed="1" covered="1"/><counter type="METHOD" missed="0" covered="1"/></method><method name="processBlock" desc="()V" line="251"><counter type="INSTRUCTION" missed="0" covered="445"/><counter type="BRANCH" missed="0" covered="6"/><counter type="LINE" missed="0" covered="49"/><counter type="COMPLEXITY" missed="0" covered="4"/><counter type="METHOD" missed="0" covered="1"/></method><method name="Ch" desc="(JJJ)J" line="342"><counter type="INSTRUCTION" missed="0" covered="10"/><counter type="LINE" missed="0" covered="1"/><counter type="COMPLEXITY" missed="0" covered="1"/><counter type="METHOD" missed="0" covered="1"/></method><method name="Maj" desc="(JJJ)J" line="350"><counter type="INSTRUCTION" missed="0" covered="12"/><counter type="LINE" missed="0" covered="1"/><counter type="COMPLEXITY" missed="0" covered="1"/><counter type="METHOD" missed="0" covered="1"/></method><method name="Sum0" desc="(J)J" line="356"><counter type="INSTRUCTION" missed="0" covered="24"/><counter type="LINE" missed="0" covered="1"/><counter type="COMPLEXITY" missed="0" covered="1"/><counter type="METHOD" missed="0" covered="1"/></method><method name="Sum1" desc="(J)J" line="362"><counter type="INSTRUCTION" missed="0" covered="24"/><counter type="LINE" missed="0" covered="1"/><counter type="COMPLEXITY" missed="0" covered="1"/><counter type="METHOD" missed="0" covered="1"/></method><method name="Sigma0" desc="(J)J" line="368"><counter type="INSTRUCTION" missed="0" covered="20"/><counter type="LINE" missed="0" covered="1"/><counter type="COMPLEXITY" missed="0" covered="1"/><counter type="METHOD" missed="0" covered="1"/></method><method name="Sigma1" desc="(J)J" line="374"><counter type="INSTRUCTION" missed="0" covered="20"/><counter type="LINE" missed="0" covered="1"/><counter type="COMPLEXITY" missed="0" covered="1"/><counter type="METHOD" missed="0" covered="1"/></method><method name="&lt;clinit&gt;" desc="()V" line="381"><counter type="INSTRUCTION" missed="0" covered="324"/><counter type="LINE" missed="0" covered="1"/><counter type="COMPLEXITY" missed="0" covered="1"/><counter type="METHOD" missed="0" covered="1"/></method><counter type="INSTRUCTION" missed="110" covered="1253"/><counter type="BRANCH" missed="7" covered="23"/><counter type="LINE" missed="27" covered="120"/><counter type="COMPLEXITY" missed="7" covered="28"/><counter type="METHOD" missed="2" covered="18"/><counter type="CLASS" missed="0" covered="1"/></class><class name="org/terifan/raccoon/security/Serpent"><method name="&lt;init&gt;" desc="()V" line="55"><counter type="INSTRUCTION" missed="0" covered="3"/><counter type="LINE" missed="0" covered="2"/><counter type="COMPLEXITY" missed="0" covered="1"/><counter type="METHOD" missed="0" covered="1"/></method><method name="&lt;init&gt;" desc="(Lorg/terifan/raccoon/security/SecretKey;)V" line="61"><counter type="INSTRUCTION" missed="4" covered="0"/><counter type="LINE" missed="2" covered="0"/><counter type="COMPLEXITY" missed="1" covered="0"/><counter type="METHOD" missed="1" covered="0"/></method><method name="engineInit" desc="(Lorg/terifan/raccoon/security/SecretKey;)V" line="68"><counter type="INSTRUCTION" missed="28" covered="1172"/><counter type="BRANCH" missed="8" covered="14"/><counter type="LINE" missed="2" covered="82"/><counter type="COMPLEXITY" missed="7" covered="5"/><counter type="METHOD" missed="0" covered="1"/></method><method name="engineEncryptBlock" desc="([BI[BI)V" line="194"><counter type="INSTRUCTION" missed="1341" covered="0"/><counter type="LINE" missed="58" covered="0"/><counter type="COMPLEXITY" missed="1" covered="0"/><counter type="METHOD" missed="1" covered="0"/></method><method name="engineDecryptBlock" desc="([BI[BI)V" line="274"><counter type="INSTRUCTION" missed="1341" covered="0"/><counter type="LINE" missed="58" covered="0"/><counter type="COMPLEXITY" missed="1" covered="0"/><counter type="METHOD" missed="1" covered="0"/></method><method name="engineEncryptBlock" desc="([II[II)V" line="355"><counter type="INSTRUCTION" missed="0" covered="1091"/><counter type="LINE" missed="0" covered="46"/><counter type="COMPLEXITY" missed="0" covered="1"/><counter type="METHOD" missed="0" covered="1"/></method><method name="engineDecryptBlock" desc="([II[II)V" line="423"><counter type="INSTRUCTION" missed="0" covered="1091"/><counter type="LINE" missed="0" covered="46"/><counter type="COMPLEXITY" missed="0" covered="1"/><counter type="METHOD" missed="0" covered="1"/></method><method name="sbox0" desc="()V" line="479"><counter type="INSTRUCTION" missed="0" covered="261"/><counter type="LINE" missed="0" covered="36"/><counter type="COMPLEXITY" missed="0" covered="1"/><counter type="METHOD" missed="0" covered="1"/></method><method name="sbox1" desc="()V" line="519"><counter type="INSTRUCTION" missed="0" covered="294"/><counter type="LINE" missed="0" covered="41"/><counter type="COMPLEXITY" missed="0" covered="1"/><counter type="METHOD" missed="0" covered="1"/></method><method name="sbox2" desc="()V" line="564"><counter type="INSTRUCTION" missed="0" covered="244"/><counter type="LINE" missed="0" covered="34"/><counter type="COMPLEXITY" missed="0" covered="1"/><counter type="METHOD" missed="0" covered="1"/></method><method name="sbox3" desc="()V" line="602"><counter type="INSTRUCTION" missed="0" covered="266"/><counter type="LINE" missed="0" covered="37"/><counter type="COMPLEXITY" missed="0" covered="1"/><counter type="METHOD" missed="0" covered="1"/></method><method name="sbox4" desc="()V" line="643"><counter type="INSTRUCTION" missed="0" covered="274"/><counter type="LINE" missed="0" covered="38"/><counter type="COMPLEXITY" missed="0" covered="1"/><counter type="METHOD" missed="0" covered="1"/></method><method name="sbox5" desc="()V" line="685"><counter type="INSTRUCTION" missed="0" covered="267"/><counter type="LINE" missed="0" covered="37"/><counter type="COMPLEXITY" missed="0" covered="1"/><counter type="METHOD" missed="0" covered="1"/></method><method name="sbox6" desc="()V" line="726"><counter type="INSTRUCTION" missed="0" covered="260"/><counter type="LINE" missed="0" covered="36"/><counter type="COMPLEXITY" missed="0" covered="1"/><counter type="METHOD" missed="0" covered="1"/></method><method name="sbox7" desc="()V" line="765"><counter type="INSTRUCTION" missed="0" covered="275"/><counter type="LINE" missed="0" covered="38"/><counter type="COMPLEXITY" missed="0" covered="1"/><counter type="METHOD" missed="0" covered="1"/></method><method name="sbox7noLT" desc="()V" line="807"><counter type="INSTRUCTION" missed="0" covered="137"/><counter type="LINE" missed="0" covered="21"/><counter type="COMPLEXITY" missed="0" covered="1"/><counter type="METHOD" missed="0" covered="1"/></method><method name="sboxI7noLT" desc="()V" line="831"><counter type="INSTRUCTION" missed="0" covered="130"/><counter type="LINE" missed="0" covered="20"/><counter type="COMPLEXITY" missed="0" covered="1"/><counter type="METHOD" missed="0" covered="1"/></method><method name="sboxI6" desc="()V" line="854"><counter type="INSTRUCTION" missed="0" covered="254"/><counter type="LINE" missed="0" covered="35"/><counter type="COMPLEXITY" missed="0" covered="1"/><counter type="METHOD" missed="0" covered="1"/></method><method name="sboxI5" desc="()V" line="892"><counter type="INSTRUCTION" missed="0" covered="267"/><counter type="LINE" missed="0" covered="37"/><counter type="COMPLEXITY" missed="0" covered="1"/><counter type="METHOD" missed="0" covered="1"/></method><method name="sboxI4" desc="()V" line="932"><counter type="INSTRUCTION" missed="0" covered="275"/><counter type="LINE" missed="0" covered="38"/><counter type="COMPLEXITY" missed="0" covered="1"/><counter type="METHOD" missed="0" covered="1"/></method><method name="sboxI3" desc="()V" line="973"><counter type="INSTRUCTION" missed="0" covered="262"/><counter type="LINE" missed="0" covered="36"/><counter type="COMPLEXITY" missed="0" covered="1"/><counter type="METHOD" missed="0" covered="1"/></method><method name="sboxI2" desc="()V" line="1012"><counter type="INSTRUCTION" missed="0" covered="268"/><counter type="LINE" missed="0" covered="37"/><counter type="COMPLEXITY" missed="0" covered="1"/><counter type="METHOD" missed="0" covered="1"/></method><method name="sboxI1" desc="()V" line="1052"><counter type="INSTRUCTION" missed="0" covered="268"/><counter type="LINE" missed="0" covered="37"/><counter type="COMPLEXITY" missed="0" covered="1"/><counter type="METHOD" missed="0" covered="1"/></method><method name="sboxI0" desc="()V" line="1092"><counter type="INSTRUCTION" missed="0" covered="267"/><counter type="LINE" missed="0" covered="37"/><counter type="COMPLEXITY" missed="0" covered="1"/><counter type="METHOD" missed="0" covered="1"/></method><method name="sboxI7" desc="()V" line="1132"><counter type="INSTRUCTION" missed="0" covered="268"/><counter type="LINE" missed="0" covered="37"/><counter type="COMPLEXITY" missed="0" covered="1"/><counter type="METHOD" missed="0" covered="1"/></method><method name="sbox0" desc="(IIII)V" line="1175"><counter type="INSTRUCTION" missed="0" covered="67"/><counter type="LINE" missed="0" covered="15"/><counter type="COMPLEXITY" missed="0" covered="1"/><counter type="METHOD" missed="0" covered="1"/></method><method name="sbox1" desc="(IIII)V" line="1194"><counter type="INSTRUCTION" missed="0" covered="73"/><counter type="LINE" missed="0" covered="18"/><counter type="COMPLEXITY" missed="0" covered="1"/><counter type="METHOD" missed="0" covered="1"/></method><method name="sbox2" desc="(IIII)V" line="1216"><counter type="INSTRUCTION" missed="0" covered="59"/><counter type="LINE" missed="0" covered="14"/><counter type="COMPLEXITY" missed="0" covered="1"/><counter type="METHOD" missed="0" covered="1"/></method><method name="sbox3" desc="(IIII)V" line="1234"><counter type="INSTRUCTION" missed="0" covered="69"/><counter type="LINE" missed="0" covered="16"/><counter type="COMPLEXITY" missed="0" covered="1"/><counter type="METHOD" missed="0" covered="1"/></method><method name="sbox4" desc="(IIII)V" line="1254"><counter type="INSTRUCTION" missed="0" covered="75"/><counter type="LINE" missed="0" covered="17"/><counter type="COMPLEXITY" missed="0" covered="1"/><counter type="METHOD" missed="0" covered="1"/></method><method name="sbox5" desc="(IIII)V" line="1275"><counter type="INSTRUCTION" missed="0" covered="71"/><counter type="LINE" missed="0" covered="16"/><counter type="COMPLEXITY" missed="0" covered="1"/><counter type="METHOD" missed="0" covered="1"/></method><method name="sbox6" desc="(IIII)V" line="1295"><counter type="INSTRUCTION" missed="0" covered="69"/><counter type="LINE" missed="0" covered="16"/><counter type="COMPLEXITY" missed="0" covered="1"/><counter type="METHOD" missed="0" covered="1"/></method><method name="sbox7" desc="(IIII)V" line="1315"><counter type="INSTRUCTION" missed="0" covered="73"/><counter type="LINE" missed="0" covered="16"/><counter type="COMPLEXITY" missed="0" covered="1"/><counter type="METHOD" missed="0" covered="1"/></method><method name="engineGetBlockSize" desc="()I" line="1339"><counter type="INSTRUCTION" missed="2" covered="0"/><counter type="LINE" missed="1" covered="0"/><counter type="COMPLEXITY" missed="1" covered="0"/><counter type="METHOD" missed="1" covered="0"/></method><method name="engineGetKeySize" desc="()I" line="1349"><counter type="INSTRUCTION" missed="3" covered="0"/><counter type="LINE" missed="1" covered="0"/><counter type="COMPLEXITY" missed="1" covered="0"/><counter type="METHOD" missed="1" covered="0"/></method><method name="engineReset" desc="()V" line="1360"><counter type="INSTRUCTION" missed="0" covered="415"/><counter type="LINE" missed="0" covered="4"/><counter type="COMPLEXITY" missed="0" covered="1"/><counter type="METHOD" missed="0" covered="1"/></method><method name="toString" desc="()Ljava/lang/String;" line="1379"><counter type="INSTRUCTION" missed="2" covered="0"/><counter type="LINE" missed="1" covered="0"/><counter type="COMPLEXITY" missed="1" covered="0"/><counter type="METHOD" missed="1" covered="0"/></method><method name="newInstance" desc="()Lorg/terifan/raccoon/security/Cipher;" line="1389"><counter type="INSTRUCTION" missed="4" covered="0"/><counter type="LINE" missed="1" covered="0"/><counter type="COMPLEXITY" missed="1" covered="0"/><counter type="METHOD" missed="1" covered="0"/></method><method name="reverseBytes" desc="(I)I" line="1395"><counter type="INSTRUCTION" missed="0" covered="20"/><counter type="LINE" missed="0" covered="1"/><counter type="COMPLEXITY" missed="0" covered="1"/><counter type="METHOD" missed="0" covered="1"/></method><counter type="INSTRUCTION" missed="2725" covered="8885"/><counter type="BRANCH" missed="8" covered="14"/><counter type="LINE" missed="124" covered="941"/><counter type="COMPLEXITY" missed="14" covered="36"/><counter type="METHOD" missed="7" covered="32"/><counter type="CLASS" missed="0" covered="1"/></class><class name="org/terifan/raccoon/security/PBKDF2"><method name="&lt;init&gt;" desc="()V" line="15"><counter type="INSTRUCTION" missed="3" covered="0"/><counter type="LINE" missed="2" covered="0"/><counter type="COMPLEXITY" missed="1" covered="0"/><counter type="METHOD" missed="1" covered="0"/></method><method name="generateKey" desc="(Lorg/terifan/raccoon/security/HMAC;[BII)Lorg/terifan/raccoon/security/SecretKey;" line="21"><counter type="INSTRUCTION" missed="9" covered="0"/><counter type="LINE" missed="1" covered="0"/><counter type="COMPLEXITY" missed="1" covered="0"/><counter type="METHOD" missed="1" covered="0"/></method><method name="generateKeyBytes" desc="(Lorg/terifan/raccoon/security/HMAC;[BII)[B" line="34"><counter type="INSTRUCTION" missed="20" covered="66"/><counter type="BRANCH" missed="4" covered="6"/><counter type="LINE" missed="4" covered="11"/><counter type="COMPLEXITY" missed="4" covered="2"/><counter type="METHOD" missed="0" covered="1"/></method><counter type="INSTRUCTION" missed="32" covered="66"/><counter type="BRANCH" missed="4" covered="6"/><counter type="LINE" missed="7" covered="11"/><counter type="COMPLEXITY" missed="6" covered="2"/><counter type="METHOD" missed="2" covered="1"/><counter type="CLASS" missed="0" covered="1"/></class><class name="org/terifan/raccoon/security/Elephant"><method name="&lt;init&gt;" desc="(I)V" line="14"><counter type="INSTRUCTION" missed="10" covered="50"/><counter type="BRANCH" missed="2" covered="2"/><counter type="LINE" missed="2" covered="12"/><counter type="COMPLEXITY" missed="2" covered="1"/><counter type="METHOD" missed="0" covered="1"/></method><method name="reset" desc="()V" line="45"><counter type="INSTRUCTION" missed="0" covered="17"/><counter type="LINE" missed="0" covered="5"/><counter type="COMPLEXITY" missed="0" covered="1"/><counter type="METHOD" missed="0" covered="1"/></method><method name="encrypt" desc="([BIIJ[ILorg/terifan/raccoon/security/Cipher;Lorg/terifan/raccoon/security/Cipher;[IJ)V" line="54"><counter type="INSTRUCTION" missed="0" covered="212"/><counter type="BRANCH" missed="0" covered="12"/><counter type="LINE" missed="0" covered="17"/><counter type="COMPLEXITY" missed="0" covered="7"/><counter type="METHOD" missed="0" covered="1"/></method><method name="decrypt" desc="([BIIJ[ILorg/terifan/raccoon/security/Cipher;Lorg/terifan/raccoon/security/Cipher;[IJ)V" line="100"><counter type="INSTRUCTION" missed="0" covered="222"/><counter type="BRANCH" missed="0" covered="12"/><counter type="LINE" missed="0" covered="18"/><counter type="COMPLEXITY" missed="0" covered="7"/><counter type="METHOD" missed="0" covered="1"/></method><method name="prepareIV" desc="(J[I[ILorg/terifan/raccoon/security/Cipher;)V" line="148"><counter type="INSTRUCTION" missed="0" covered="39"/><counter type="LINE" missed="0" covered="6"/><counter type="COMPLEXITY" missed="0" covered="1"/><counter type="METHOD" missed="0" covered="1"/></method><method name="prepareTweak" desc="(J[I[ILorg/terifan/raccoon/security/Cipher;J)V" line="159"><counter type="INSTRUCTION" missed="0" covered="85"/><counter type="LINE" missed="0" covered="11"/><counter type="COMPLEXITY" missed="0" covered="1"/><counter type="METHOD" missed="0" covered="1"/></method><method name="rol" desc="(II)I" line="176"><counter type="INSTRUCTION" missed="0" covered="9"/><counter type="LINE" missed="0" covered="1"/><counter type="COMPLEXITY" missed="0" covered="1"/><counter type="METHOD" missed="0" covered="1"/></method><method name="toInts" desc="([BI[II)V" line="182"><counter type="INSTRUCTION" missed="0" covered="44"/><counter type="BRANCH" missed="0" covered="2"/><counter type="LINE" missed="0" covered="3"/><counter type="COMPLEXITY" missed="0" covered="2"/><counter type="METHOD" missed="0" covered="1"/></method><method name="toBytes" desc="([II[BI)V" line="194"><counter type="INSTRUCTION" missed="0" covered="42"/><counter type="BRANCH" missed="0" covered="2"/><counter type="LINE" missed="0" covered="7"/><counter type="COMPLEXITY" missed="0" covered="2"/><counter type="METHOD" missed="0" covered="1"/></method><method name="&lt;clinit&gt;" desc="()V" line="11"><counter type="INSTRUCTION" missed="0" covered="39"/><counter type="LINE" missed="0" covered="2"/><counter type="COMPLEXITY" missed="0" covered="1"/><counter type="METHOD" missed="0" covered="1"/></method><counter type="INSTRUCTION" missed="10" covered="759"/><counter type="BRANCH" missed="2" covered="30"/><counter type="LINE" missed="2" covered="82"/><counter type="COMPLEXITY" missed="2" covered="24"/><counter type="METHOD" missed="0" covered="10"/><counter type="CLASS" missed="0" covered="1"/></class><class name="org/terifan/raccoon/security/ISAAC$PRNG"><method name="&lt;init&gt;" desc="()V" line="374"><counter type="INSTRUCTION" missed="3" covered="0"/><counter type="LINE" missed="1" covered="0"/><counter type="COMPLEXITY" missed="1" covered="0"/><counter type="METHOD" missed="1" covered="0"/></method><method name="nextBoolean" desc="()Z" line="384"><counter type="INSTRUCTION" missed="3" covered="0"/><counter type="LINE" missed="1" covered="0"/><counter type="COMPLEXITY" missed="1" covered="0"/><counter type="METHOD" missed="1" covered="0"/></method><method name="nextByte" desc="()B" line="393"><counter type="INSTRUCTION" missed="3" covered="0"/><counter type="LINE" missed="1" covered="0"/><counter type="COMPLEXITY" missed="1" covered="0"/><counter type="METHOD" missed="1" covered="0"/></method><method name="nextInt" desc="()I" line="402"><counter type="INSTRUCTION" missed="3" covered="0"/><counter type="LINE" missed="1" covered="0"/><counter type="COMPLEXITY" missed="1" covered="0"/><counter type="METHOD" missed="1" covered="0"/></method><method name="nextInt" desc="(I)I" line="412"><counter type="INSTRUCTION" missed="4" covered="0"/><counter type="LINE" missed="1" covered="0"/><counter type="COMPLEXITY" missed="1" covered="0"/><counter type="METHOD" missed="1" covered="0"/></method><method name="nextLong" desc="()J" line="421"><counter type="INSTRUCTION" missed="0" covered="3"/><counter type="LINE" missed="0" covered="1"/><counter type="COMPLEXITY" missed="0" covered="1"/><counter type="METHOD" missed="0" covered="1"/></method><method name="nextFloat" desc="()F" line="430"><counter type="INSTRUCTION" missed="3" covered="0"/><counter type="LINE" missed="1" covered="0"/><counter type="COMPLEXITY" missed="1" covered="0"/><counter type="METHOD" missed="1" covered="0"/></method><method name="nextDouble" desc="()D" line="439"><counter type="INSTRUCTION" missed="3" covered="0"/><counter type="LINE" missed="1" covered="0"/><counter type="COMPLEXITY" missed="1" covered="0"/><counter type="METHOD" missed="1" covered="0"/></method><method name="nextBytes" desc="([B)[B" line="448"><counter type="INSTRUCTION" missed="0" covered="6"/><counter type="LINE" missed="0" covered="2"/><counter type="COMPLEXITY" missed="0" covered="1"/><counter type="METHOD" missed="0" covered="1"/></method><method name="nextBytes" desc="([BII)[B" line="458"><counter type="INSTRUCTION" missed="8" covered="0"/><counter type="LINE" missed="2" covered="0"/><counter type="COMPLEXITY" missed="1" covered="0"/><counter type="METHOD" missed="1" covered="0"/></method><method name="nextProb" desc="([D)I" line="468"><counter type="INSTRUCTION" missed="4" covered="0"/><counter type="LINE" missed="1" covered="0"/><counter type="COMPLEXITY" missed="1" covered="0"/><counter type="METHOD" missed="1" covered="0"/></method><method name="nextInts" desc="([I)[I" line="474"><counter type="INSTRUCTION" missed="6" covered="0"/><counter type="LINE" missed="2" covered="0"/><counter type="COMPLEXITY" missed="1" covered="0"/><counter type="METHOD" missed="1" covered="0"/></method><method name="nextInts" desc="([III)[I" line="481"><counter type="INSTRUCTION" missed="8" covered="0"/><counter type="LINE" missed="2" covered="0"/><counter type="COMPLEXITY" missed="1" covered="0"/><counter type="METHOD" missed="1" covered="0"/></method><method name="&lt;clinit&gt;" desc="()V" line="376"><counter type="INSTRUCTION" missed="0" covered="5"/><counter type="LINE" missed="0" covered="1"/><counter type="COMPLEXITY" missed="0" covered="1"/><counter type="METHOD" missed="0" covered="1"/></method><counter type="INSTRUCTION" missed="48" covered="14"/><counter type="LINE" missed="14" covered="4"/><counter type="COMPLEXITY" missed="11" covered="3"/><counter type="METHOD" missed="11" covered="3"/><counter type="CLASS" missed="0" covered="1"/></class><class name="org/terifan/raccoon/security/PBKDF2$Processor"><method name="&lt;init&gt;" desc="(Lorg/terifan/raccoon/security/HMAC;[BII[BI)V" line="91"><counter type="INSTRUCTION" missed="0" covered="21"/><counter type="LINE" missed="0" covered="8"/><counter type="COMPLEXITY" missed="0" covered="1"/><counter type="METHOD" missed="0" covered="1"/></method><method name="call" desc="()Ljava/lang/Boolean;" line="104"><counter type="INSTRUCTION" missed="0" covered="102"/><counter type="BRANCH" missed="0" covered="4"/><counter type="LINE" missed="0" covered="11"/><counter type="COMPLEXITY" missed="0" covered="3"/><counter type="METHOD" missed="0" covered="1"/></method><counter type="INSTRUCTION" missed="0" covered="123"/><counter type="BRANCH" missed="0" covered="4"/><counter type="LINE" missed="0" covered="19"/><counter type="COMPLEXITY" missed="0" covered="4"/><counter type="METHOD" missed="0" covered="2"/><counter type="CLASS" missed="0" covered="1"/></class><class name="org/terifan/raccoon/security/HMAC"><method name="&lt;init&gt;" desc="(Ljava/security/MessageDigest;)V" line="17"><counter type="INSTRUCTION" missed="0" covered="15"/><counter type="LINE" missed="0" covered="3"/><counter type="COMPLEXITY" missed="0" covered="1"/><counter type="METHOD" missed="0" covered="1"/></method><method name="&lt;init&gt;" desc="(Ljava/security/MessageDigest;[B)V" line="25"><counter type="INSTRUCTION" missed="0" covered="7"/><counter type="LINE" missed="0" covered="3"/><counter type="COMPLEXITY" missed="0" covered="1"/><counter type="METHOD" missed="0" covered="1"/></method><method name="&lt;init&gt;" desc="(Ljava/security/MessageDigest;Ljava/lang/String;)V" line="42"><counter type="INSTRUCTION" missed="17" covered="0"/><counter type="LINE" missed="6" covered="0"/><counter type="COMPLEXITY" missed="1" covered="0"/><counter type="METHOD" missed="1" covered="0"/></method><method name="init" desc="([B)V" line="57"><counter type="INSTRUCTION" missed="5" covered="64"/><counter type="BRANCH" missed="1" covered="5"/><counter type="LINE" missed="1" covered="13"/><counter type="COMPLEXITY" missed="1" covered="3"/><counter type="METHOD" missed="0" covered="1"/></method><method name="getMessageDigest" desc="()Ljava/security/MessageDigest;" line="92"><counter type="INSTRUCTION" missed="0" covered="3"/><counter type="LINE" missed="0" covered="1"/><counter type="COMPLEXITY" missed="0" covered="1"/><counter type="METHOD" missed="0" covered="1"/></method><method name="engineDigest" desc="()[B" line="99"><counter type="INSTRUCTION" missed="0" covered="18"/><counter type="LINE" missed="0" covered="5"/><counter type="COMPLEXITY" missed="0" covered="1"/><counter type="METHOD" missed="0" covered="1"/></method><method name="engineGetDigestLength" desc="()I" line="112"><counter type="INSTRUCTION" missed="4" covered="0"/><counter type="LINE" missed="1" covered="0"/><counter type="COMPLEXITY" missed="1" covered="0"/><counter type="METHOD" missed="1" covered="0"/></method><method name="engineReset" desc="()V" line="119"><counter type="INSTRUCTION" missed="0" covered="9"/><counter type="LINE" missed="0" covered="3"/><counter type="COMPLEXITY" missed="0" covered="1"/><counter type="METHOD" missed="0" covered="1"/></method><method name="engineUpdate" desc="(B)V" line="127"><counter type="INSTRUCTION" missed="5" covered="0"/><counter type="LINE" missed="2" covered="0"/><counter type="COMPLEXITY" missed="1" covered="0"/><counter type="METHOD" missed="1" covered="0"/></method><method name="engineUpdate" desc="([BII)V" line="134"><counter type="INSTRUCTION" missed="0" covered="7"/><counter type="LINE" missed="0" covered="2"/><counter type="COMPLEXITY" missed="0" covered="1"/><counter type="METHOD" missed="0" covered="1"/></method><method name="clone" desc="()Lorg/terifan/raccoon/security/HMAC;" line="141"><counter type="INSTRUCTION" missed="22" covered="0"/><counter type="LINE" missed="4" covered="0"/><counter type="COMPLEXITY" missed="1" covered="0"/><counter type="METHOD" missed="1" covered="0"/></method><method name="toString" desc="()Ljava/lang/String;" line="151"><counter type="INSTRUCTION" missed="11" covered="0"/><counter type="LINE" missed="1" covered="0"/><counter type="COMPLEXITY" missed="1" covered="0"/><counter type="METHOD" missed="1" covered="0"/></method><method name="reset" desc="()V" line="158"><counter type="INSTRUCTION" missed="14" covered="0"/><counter type="LINE" missed="5" covered="0"/><counter type="COMPLEXITY" missed="1" covered="0"/><counter type="METHOD" missed="1" covered="0"/></method><counter type="INSTRUCTION" missed="78" covered="123"/><counter type="BRANCH" missed="1" covered="5"/><counter type="LINE" missed="20" covered="30"/><counter type="COMPLEXITY" missed="7" covered="9"/><counter type="METHOD" missed="6" covered="7"/><counter type="CLASS" missed="0" covered="1"/></class><class name="org/terifan/raccoon/security/Twofish"><method name="LFSR1" desc="(I)I" line="92"><counter type="INSTRUCTION" missed="0" covered="12"/><counter type="BRANCH" missed="0" covered="2"/><counter type="LINE" missed="0" covered="1"/><counter type="COMPLEXITY" missed="0" covered="2"/><counter type="METHOD" missed="0" covered="1"/></method><method name="LFSR2" desc="(I)I" line="97"><counter type="INSTRUCTION" missed="0" covered="20"/><counter type="BRANCH" missed="0" covered="4"/><counter type="LINE" missed="0" covered="1"/><counter type="COMPLEXITY" missed="0" covered="3"/><counter type="METHOD" missed="0" covered="1"/></method><method name="Mx_X" desc="(I)I" line="102"><counter type="INSTRUCTION" missed="0" covered="5"/><counter type="LINE" missed="0" covered="1"/><counter type="COMPLEXITY" missed="0" covered="1"/><counter type="METHOD" missed="0" covered="1"/></method><method name="Mx_Y" desc="(I)I" line="107"><counter type="INSTRUCTION" missed="0" covered="8"/><counter type="LINE" missed="0" covered="1"/><counter type="COMPLEXITY" missed="0" covered="1"/><counter type="METHOD" missed="0" covered="1"/></method><method name="&lt;init&gt;" desc="()V" line="120"><counter type="INSTRUCTION" missed="0" covered="3"/><counter type="LINE" missed="0" covered="2"/><counter type="COMPLEXITY" missed="0" covered="1"/><counter type="METHOD" missed="0" covered="1"/></method><method name="&lt;init&gt;" desc="(Lorg/terifan/raccoon/security/SecretKey;)V" line="126"><counter type="INSTRUCTION" missed="0" covered="4"/><counter type="LINE" missed="0" covered="2"/><counter type="COMPLEXITY" missed="0" covered="1"/><counter type="METHOD" missed="0" covered="1"/></method><method name="engineInit" desc="(Lorg/terifan/raccoon/security/SecretKey;)V" line="133"><counter type="INSTRUCTION" missed="94" covered="477"/><counter type="BRANCH" missed="9" covered="12"/><counter type="LINE" missed="6" covered="52"/><counter type="COMPLEXITY" missed="9" covered="4"/><counter type="METHOD" missed="0" covered="1"/></method><method name="engineEncryptBlock" desc="([BI[BI)V" line="239"><counter type="INSTRUCTION" missed="2144" covered="0"/><counter type="LINE" missed="112" covered="0"/><counter type="COMPLEXITY" missed="1" covered="0"/><counter type="METHOD" missed="1" covered="0"/></method><method name="engineDecryptBlock" desc="([BI[BI)V" line="401"><counter type="INSTRUCTION" missed="2144" covered="0"/><counter type="LINE" missed="112" covered="0"/><counter type="COMPLEXITY" missed="1" covered="0"/><counter type="METHOD" missed="1" covered="0"/></method><method name="engineEncryptBlock" desc="([II[II)V" line="563"><counter type="INSTRUCTION" missed="0" covered="1935"/><counter type="LINE" missed="0" covered="108"/><counter type="COMPLEXITY" missed="0" covered="1"/><counter type="METHOD" missed="0" covered="1"/></method><method name="engineDecryptBlock" desc="([II[II)V" line="720"><counter type="INSTRUCTION" missed="0" covered="1935"/><counter type="LINE" missed="0" covered="108"/><counter type="COMPLEXITY" missed="0" covered="1"/><counter type="METHOD" missed="0" covered="1"/></method><method name="b0" desc="(I)I" line="860"><counter type="INSTRUCTION" missed="0" covered="4"/><counter type="LINE" missed="0" covered="1"/><counter type="COMPLEXITY" missed="0" covered="1"/><counter type="METHOD" missed="0" covered="1"/></method><method name="b1" desc="(I)I" line="861"><counter type="INSTRUCTION" missed="0" covered="6"/><counter type="LINE" missed="0" covered="1"/><counter type="COMPLEXITY" missed="0" covered="1"/><counter type="METHOD" missed="0" covered="1"/></method><method name="b2" desc="(I)I" line="862"><counter type="INSTRUCTION" missed="0" covered="6"/><counter type="LINE" missed="0" covered="1"/><counter type="COMPLEXITY" missed="0" covered="1"/><counter type="METHOD" missed="0" covered="1"/></method><method name="b3" desc="(I)I" line="863"><counter type="INSTRUCTION" missed="0" covered="6"/><counter type="LINE" missed="0" covered="1"/><counter type="COMPLEXITY" missed="0" covered="1"/><counter type="METHOD" missed="0" covered="1"/></method><method name="RS_MDS_Encode" desc="(II)I" line="876"><counter type="INSTRUCTION" missed="0" covered="28"/><counter type="BRANCH" missed="0" covered="4"/><counter type="LINE" missed="0" covered="7"/><counter type="COMPLEXITY" missed="0" covered="3"/><counter type="METHOD" missed="0" covered="1"/></method><method name="RS_rem" desc="(I)I" line="903"><counter type="INSTRUCTION" missed="0" covered="54"/><counter type="BRANCH" missed="0" covered="4"/><counter type="LINE" missed="0" covered="5"/><counter type="COMPLEXITY" missed="0" covered="3"/><counter type="METHOD" missed="0" covered="1"/></method><method name="F32" desc="(II[I)I" line="914"><counter type="INSTRUCTION" missed="53" covered="188"/><counter type="BRANCH" missed="4" covered="1"/><counter type="LINE" missed="5" covered="23"/><counter type="COMPLEXITY" missed="4" covered="1"/><counter type="METHOD" missed="0" covered="1"/></method><method name="engineGetBlockSize" desc="()I" line="960"><counter type="INSTRUCTION" missed="2" covered="0"/><counter type="LINE" missed="1" covered="0"/><counter type="COMPLEXITY" missed="1" covered="0"/><counter type="METHOD" missed="1" covered="0"/></method><method name="engineGetKeySize" desc="()I" line="970"><counter type="INSTRUCTION" missed="3" covered="0"/><counter type="LINE" missed="1" covered="0"/><counter type="COMPLEXITY" missed="1" covered="0"/><counter type="METHOD" missed="1" covered="0"/></method><method name="engineReset" desc="()V" line="981"><counter type="INSTRUCTION" missed="0" covered="62"/><counter type="BRANCH" missed="4" covered="4"/><counter type="LINE" missed="0" covered="10"/><counter type="COMPLEXITY" missed="4" covered="1"/><counter type="METHOD" missed="0" covered="1"/></method><method name="toString" desc="()Ljava/lang/String;" line="996"><counter type="INSTRUCTION" missed="2" covered="0"/><counter type="LINE" missed="1" covered="0"/><counter type="COMPLEXITY" missed="1" covered="0"/><counter type="METHOD" missed="1" covered="0"/></method><method name="newInstance" desc="()Lorg/terifan/raccoon/security/Cipher;" line="1006"><counter type="INSTRUCTION" missed="4" covered="0"/><counter type="LINE" missed="1" covered="0"/><counter type="COMPLEXITY" missed="1" covered="0"/><counter type="METHOD" missed="1" covered="0"/></method><method name="reverseBytes" desc="(I)I" line="1012"><counter type="INSTRUCTION" missed="0" covered="20"/><counter type="LINE" missed="0" covered="1"/><counter type="COMPLEXITY" missed="0" covered="1"/><counter type="METHOD" missed="0" covered="1"/></method><method name="&lt;clinit&gt;" desc="()V" line="21"><counter type="INSTRUCTION" missed="0" covered="2235"/><counter type="BRANCH" missed="0" covered="2"/><counter type="LINE" missed="0" covered="20"/><counter type="COMPLEXITY" missed="0" covered="2"/><counter type="METHOD" missed="0" covered="1"/></method><counter type="INSTRUCTION" missed="4446" covered="7008"/><counter type="BRANCH" missed="17" covered="33"/><counter type="LINE" missed="239" covered="346"/><counter type="COMPLEXITY" missed="23" covered="30"/><counter type="METHOD" missed="6" covered="19"/><counter type="CLASS" missed="0" covered="1"/></class><class name="org/terifan/raccoon/security/Cipher"><method name="&lt;init&gt;" desc="()V" line="24"><counter type="INSTRUCTION" missed="0" covered="3"/><counter type="LINE" missed="0" covered="2"/><counter type="COMPLEXITY" missed="0" covered="1"/><counter type="METHOD" missed="0" covered="1"/></method><method name="&lt;init&gt;" desc="(Lorg/terifan/raccoon/security/SecretKey;)V" line="29"><counter type="INSTRUCTION" missed="0" covered="6"/><counter type="LINE" missed="0" covered="3"/><counter type="COMPLEXITY" missed="0" covered="1"/><counter type="METHOD" missed="0" covered="1"/></method><method name="init" desc="(Lorg/terifan/raccoon/security/SecretKey;)V" line="36"><counter type="INSTRUCTION" missed="0" covered="7"/><counter type="LINE" missed="0" covered="3"/><counter type="COMPLEXITY" missed="0" covered="1"/><counter type="METHOD" missed="0" covered="1"/></method><method name="init" desc="(ILorg/terifan/raccoon/security/CipherMode;)V" line="43"><counter type="INSTRUCTION" missed="7" covered="0"/><counter type="LINE" missed="2" covered="0"/><counter type="COMPLEXITY" missed="1" covered="0"/><counter type="METHOD" missed="1" covered="0"/></method><method name="init" desc="(ILorg/terifan/raccoon/security/CipherMode;Lorg/terifan/raccoon/security/SecretKey;)V" line="49"><counter type="INSTRUCTION" missed="7" covered="0"/><counter type="LINE" missed="2" covered="0"/><counter type="COMPLEXITY" missed="1" covered="0"/><counter type="METHOD" missed="1" covered="0"/></method><method name="init" desc="(ILorg/terifan/raccoon/security/CipherMode;Lorg/terifan/raccoon/security/SecretKey;[B)V" line="55"><counter type="INSTRUCTION" missed="7" covered="0"/><counter type="LINE" missed="2" covered="0"/><counter type="COMPLEXITY" missed="1" covered="0"/><counter type="METHOD" missed="1" covered="0"/></method><method name="init" desc="(ILorg/terifan/raccoon/security/CipherMode;[B)V" line="61"><counter type="INSTRUCTION" missed="7" covered="0"/><counter type="LINE" missed="2" covered="0"/><counter type="COMPLEXITY" missed="1" covered="0"/><counter type="METHOD" missed="1" covered="0"/></method><method name="doInit" desc="(ILorg/terifan/raccoon/security/CipherMode;Lorg/terifan/raccoon/security/SecretKey;[B)V" line="67"><counter type="INSTRUCTION" missed="48" covered="0"/><counter type="BRANCH" missed="8" covered="0"/><counter type="LINE" missed="13" covered="0"/><counter type="COMPLEXITY" missed="5" covered="0"/><counter type="METHOD" missed="1" covered="0"/></method><method name="setWhitening" desc="([B[B)V" line="93"><counter type="INSTRUCTION" missed="46" covered="0"/><counter type="BRANCH" missed="12" covered="0"/><counter type="LINE" missed="11" covered="0"/><counter type="COMPLEXITY" missed="7" covered="0"/><counter type="METHOD" missed="1" covered="0"/></method><method name="getWhitening" desc="()[[B" line="115"><counter type="INSTRUCTION" missed="23" covered="0"/><counter type="BRANCH" missed="2" covered="0"/><counter type="LINE" missed="3" covered="0"/><counter type="COMPLEXITY" missed="2" covered="0"/><counter type="METHOD" missed="1" covered="0"/></method><method name="setIV" desc="([B)V" line="126"><counter type="INSTRUCTION" missed="80" covered="0"/><counter type="BRANCH" missed="14" covered="0"/><counter type="LINE" missed="13" covered="0"/><counter type="COMPLEXITY" missed="8" covered="0"/><counter type="METHOD" missed="1" covered="0"/></method><method name="getIV" desc="()[B" line="156"><counter type="INSTRUCTION" missed="26" covered="0"/><counter type="BRANCH" missed="3" covered="0"/><counter type="LINE" missed="4" covered="0"/><counter type="COMPLEXITY" missed="3" covered="0"/><counter type="METHOD" missed="1" covered="0"/></method><method name="update" desc="([BII)V" line="170"><counter type="INSTRUCTION" missed="8" covered="0"/><counter type="LINE" missed="2" covered="0"/><counter type="COMPLEXITY" missed="1" covered="0"/><counter type="METHOD" missed="1" covered="0"/></method><method name="update" desc="([BI[BII)V" line="176"><counter type="INSTRUCTION" missed="80" covered="0"/><counter type="BRANCH" missed="11" covered="0"/><counter type="LINE" missed="13" covered="0"/><counter type="COMPLEXITY" missed="8" covered="0"/><counter type="METHOD" missed="1" covered="0"/></method><method name="getBlockSize" desc="()I" line="205"><counter type="INSTRUCTION" missed="3" covered="0"/><counter type="LINE" missed="1" covered="0"/><counter type="COMPLEXITY" missed="1" covered="0"/><counter type="METHOD" missed="1" covered="0"/></method><method name="getKeySize" desc="()I" line="211"><counter type="INSTRUCTION" missed="3" covered="0"/><counter type="LINE" missed="1" covered="0"/><counter type="COMPLEXITY" missed="1" covered="0"/><counter type="METHOD" missed="1" covered="0"/></method><method name="newInstance" desc="(Lorg/terifan/raccoon/security/SecretKey;)Lorg/terifan/raccoon/security/Cipher;" line="308"><counter type="INSTRUCTION" missed="8" covered="0"/><counter type="LINE" missed="3" covered="0"/><counter type="COMPLEXITY" missed="1" covered="0"/><counter type="METHOD" missed="1" covered="0"/></method><method name="reset" desc="()V" line="320"><counter type="INSTRUCTION" missed="0" covered="33"/><counter type="LINE" missed="0" covered="12"/><counter type="COMPLEXITY" missed="0" covered="1"/><counter type="METHOD" missed="0" covered="1"/></method><method name="burn" desc="([B)V" line="337"><counter type="INSTRUCTION" missed="6" covered="3"/><counter type="BRANCH" missed="1" covered="1"/><counter type="LINE" missed="2" covered="2"/><counter type="COMPLEXITY" missed="1" covered="1"/><counter type="METHOD" missed="0" covered="1"/></method><method name="encryptECB" desc="([BI[BII)V" line="347"><counter type="INSTRUCTION" missed="94" covered="0"/><counter type="BRANCH" missed="10" covered="0"/><counter type="LINE" missed="10" covered="0"/><counter type="COMPLEXITY" missed="6" covered="0"/><counter type="METHOD" missed="1" covered="0"/></method><method name="decryptECB" desc="([BI[BII)V" line="376"><counter type="INSTRUCTION" missed="94" covered="0"/><counter type="BRANCH" missed="10" covered="0"/><counter type="LINE" missed="10" covered="0"/><counter type="COMPLEXITY" missed="6" covered="0"/><counter type="METHOD" missed="1" covered="0"/></method><method name="encryptCBC" desc="([BI[BII)V" line="405"><counter type="INSTRUCTION" missed="126" covered="0"/><counter type="BRANCH" missed="12" covered="0"/><counter type="LINE" missed="16" covered="0"/><counter type="COMPLEXITY" missed="7" covered="0"/><counter type="METHOD" missed="1" covered="0"/></method><method name="decryptCBC" desc="([BI[BII)V" line="445"><counter type="INSTRUCTION" missed="156" covered="0"/><counter type="BRANCH" missed="12" covered="0"/><counter type="LINE" missed="21" covered="0"/><counter type="COMPLEXITY" missed="7" covered="0"/><counter type="METHOD" missed="1" covered="0"/></method><counter type="INSTRUCTION" missed="829" covered="52"/><counter type="BRANCH" missed="95" covered="1"/><counter type="LINE" missed="131" covered="22"/><counter type="COMPLEXITY" missed="68" covered="5"/><counter type="METHOD" missed="18" covered="5"/><counter type="CLASS" missed="0" covered="1"/></class><class name="org/terifan/raccoon/security/MurmurHash3"><method name="&lt;init&gt;" desc="()V" line="19"><counter type="INSTRUCTION" missed="3" covered="0"/><counter type="LINE" missed="1" covered="0"/><counter type="COMPLEXITY" missed="1" covered="0"/><counter type="METHOD" missed="1" covered="0"/></method><method name="hash_x86_32" desc="([BI)I" line="33"><counter type="INSTRUCTION" missed="0" covered="7"/><counter type="LINE" missed="0" covered="1"/><counter type="COMPLEXITY" missed="0" covered="1"/><counter type="METHOD" missed="0" covered="1"/></method><method name="hash_x86_32" desc="([BIII)I" line="53"><counter type="INSTRUCTION" missed="0" covered="175"/><counter type="BRANCH" missed="0" covered="6"/><counter type="LINE" missed="0" covered="28"/><counter type="COMPLEXITY" missed="0" covered="5"/><counter type="METHOD" missed="0" covered="1"/></method><method name="hash_x86_32" desc="(Ljava/lang/CharSequence;I)I" line="111"><counter type="INSTRUCTION" missed="0" covered="7"/><counter type="LINE" missed="0" covered="1"/><counter type="COMPLEXITY" missed="0" covered="1"/><counter type="METHOD" missed="0" covered="1"/></method><method name="hash_x86_32" desc="(Ljava/lang/CharSequence;III)I" line="122"><counter type="INSTRUCTION" missed="116" covered="148"/><counter type="BRANCH" missed="10" covered="8"/><counter type="LINE" missed="11" covered="40"/><counter type="COMPLEXITY" missed="6" covered="4"/><counter type="METHOD" missed="0" covered="1"/></method><method name="hash_x64_128" desc="([BJ[J)[J" line="234"><counter type="INSTRUCTION" missed="8" covered="0"/><counter type="LINE" missed="1" covered="0"/><counter type="COMPLEXITY" missed="1" covered="0"/><counter type="METHOD" missed="1" covered="0"/></method><method name="hash_x64_128" desc="([BIIJ[J)[J" line="256"><counter type="INSTRUCTION" missed="376" covered="0"/><counter type="BRANCH" missed="18" covered="0"/><counter type="LINE" missed="60" covered="0"/><counter type="COMPLEXITY" missed="17" covered="0"/><counter type="METHOD" missed="1" covered="0"/></method><method name="hash_x64_64" desc="([BJ)J" line="339"><counter type="INSTRUCTION" missed="0" covered="7"/><counter type="LINE" missed="0" covered="1"/><counter type="COMPLEXITY" missed="0" covered="1"/><counter type="METHOD" missed="0" covered="1"/></method><method name="hash_x64_64" desc="([BIIJ)J" line="345"><counter type="INSTRUCTION" missed="0" covered="364"/><counter type="BRANCH" missed="0" covered="18"/><counter type="LINE" missed="0" covered="57"/><counter type="COMPLEXITY" missed="0" covered="17"/><counter type="METHOD" missed="0" covered="1"/></method><method name="fmix64" desc="(J)J" line="424"><counter type="INSTRUCTION" missed="0" covered="28"/><counter type="LINE" missed="0" covered="6"/><counter type="COMPLEXITY" missed="0" covered="1"/><counter type="METHOD" missed="0" covered="1"/></method><method name="getLong" desc="([BI)J" line="436"><counter type="INSTRUCTION" missed="0" covered="82"/><counter type="LINE" missed="0" covered="1"/><counter type="COMPLEXITY" missed="0" covered="1"/><counter type="METHOD" missed="0" covered="1"/></method><counter type="INSTRUCTION" missed="503" covered="818"/><counter type="BRANCH" missed="28" covered="32"/><counter type="LINE" missed="73" covered="135"/><counter type="COMPLEXITY" missed="25" covered="31"/><counter type="METHOD" missed="3" covered="8"/><counter type="CLASS" missed="0" covered="1"/></class><class name="org/terifan/raccoon/security/AES"><method name="&lt;init&gt;" desc="()V" line="126"><counter type="INSTRUCTION" missed="0" covered="3"/><counter type="LINE" missed="0" covered="2"/><counter type="COMPLEXITY" missed="0" covered="1"/><counter type="METHOD" missed="0" covered="1"/></method><method name="&lt;init&gt;" desc="(Lorg/terifan/raccoon/security/SecretKey;)V" line="132"><counter type="INSTRUCTION" missed="4" covered="0"/><counter type="LINE" missed="2" covered="0"/><counter type="COMPLEXITY" missed="1" covered="0"/><counter type="METHOD" missed="1" covered="0"/></method><method name="engineInit" desc="(Lorg/terifan/raccoon/security/SecretKey;)V" line="139"><counter type="INSTRUCTION" missed="24" covered="405"/><counter type="BRANCH" missed="7" covered="23"/><counter type="LINE" missed="3" covered="36"/><counter type="COMPLEXITY" missed="6" covered="10"/><counter type="METHOD" missed="0" covered="1"/></method><method name="engineEncryptBlock" desc="([BI[BI)V" line="242"><counter type="INSTRUCTION" missed="591" covered="0"/><counter type="BRANCH" missed="2" covered="0"/><counter type="LINE" missed="43" covered="0"/><counter type="COMPLEXITY" missed="2" covered="0"/><counter type="METHOD" missed="1" covered="0"/></method><method name="engineDecryptBlock" desc="([BI[BI)V" line="309"><counter type="INSTRUCTION" missed="583" covered="0"/><counter type="BRANCH" missed="2" covered="0"/><counter type="LINE" missed="39" covered="0"/><counter type="COMPLEXITY" missed="2" covered="0"/><counter type="METHOD" missed="1" covered="0"/></method><method name="engineEncryptBlock" desc="([II[II)V" line="372"><counter type="INSTRUCTION" missed="0" covered="383"/><counter type="BRANCH" missed="0" covered="2"/><counter type="LINE" missed="0" covered="27"/><counter type="COMPLEXITY" missed="0" covered="2"/><counter type="METHOD" missed="0" covered="1"/></method><method name="engineDecryptBlock" desc="([II[II)V" line="425"><counter type="INSTRUCTION" missed="0" covered="407"/><counter type="BRANCH" missed="0" covered="2"/><counter type="LINE" missed="0" covered="27"/><counter type="COMPLEXITY" missed="0" covered="2"/><counter type="METHOD" missed="0" covered="1"/></method><method name="getRounds" desc="(II)I" line="465"><counter type="INSTRUCTION" missed="19" covered="4"/><counter type="BRANCH" missed="8" covered="1"/><counter type="LINE" missed="2" covered="2"/><counter type="COMPLEXITY" missed="5" covered="1"/><counter type="METHOD" missed="0" covered="1"/></method><method name="engineGetBlockSize" desc="()I" line="483"><counter type="INSTRUCTION" missed="2" covered="0"/><counter type="LINE" missed="1" covered="0"/><counter type="COMPLEXITY" missed="1" covered="0"/><counter type="METHOD" missed="1" covered="0"/></method><method name="engineGetKeySize" desc="()I" line="493"><counter type="INSTRUCTION" missed="3" covered="0"/><counter type="LINE" missed="1" covered="0"/><counter type="COMPLEXITY" missed="1" covered="0"/><counter type="METHOD" missed="1" covered="0"/></method><method name="engineReset" desc="()V" line="504"><counter type="INSTRUCTION" missed="0" covered="48"/><counter type="BRANCH" missed="1" covered="3"/><counter type="LINE" missed="0" covered="10"/><counter type="COMPLEXITY" missed="1" covered="2"/><counter type="METHOD" missed="0" covered="1"/></method><method name="toString" desc="()Ljava/lang/String;" line="523"><counter type="INSTRUCTION" missed="2" covered="0"/><counter type="LINE" missed="1" covered="0"/><counter type="COMPLEXITY" missed="1" covered="0"/><counter type="METHOD" missed="1" covered="0"/></method><method name="newInstance" desc="()Lorg/terifan/raccoon/security/Cipher;" line="533"><counter type="INSTRUCTION" missed="4" covered="0"/><counter type="LINE" missed="1" covered="0"/><counter type="COMPLEXITY" missed="1" covered="0"/><counter type="METHOD" missed="1" covered="0"/></method><method name="&lt;clinit&gt;" desc="()V" line="37"><counter type="INSTRUCTION" missed="0" covered="298"/><counter type="BRANCH" missed="0" covered="16"/><counter type="LINE" missed="0" covered="55"/><counter type="COMPLEXITY" missed="0" covered="9"/><counter type="METHOD" missed="0" covered="1"/></method><counter type="INSTRUCTION" missed="1232" covered="1548"/><counter type="BRANCH" missed="20" covered="47"/><counter type="LINE" missed="93" covered="159"/><counter type="COMPLEXITY" missed="21" covered="27"/><counter type="METHOD" missed="7" covered="7"/><counter type="CLASS" missed="0" covered="1"/></class><class name="org/terifan/raccoon/security/Skein512"><method name="&lt;init&gt;" desc="()V" line="62"><counter type="INSTRUCTION" missed="0" covered="22"/><counter type="LINE" missed="0" covered="7"/><counter type="COMPLEXITY" missed="0" covered="1"/><counter type="METHOD" missed="0" covered="1"/></method><method name="engineUpdate" desc="(B)V" line="83"><counter type="INSTRUCTION" missed="11" covered="0"/><counter type="LINE" missed="2" covered="0"/><counter type="COMPLEXITY" missed="1" covered="0"/><counter type="METHOD" missed="1" covered="0"/></method><method name="engineUpdate" desc="([BII)V" line="90"><counter type="INSTRUCTION" missed="22" covered="72"/><counter type="BRANCH" missed="3" covered="7"/><counter type="LINE" missed="4" covered="16"/><counter type="COMPLEXITY" missed="3" covered="3"/><counter type="METHOD" missed="0" covered="1"/></method><method name="engineReset" desc="()V" line="131"><counter type="INSTRUCTION" missed="0" covered="67"/><counter type="LINE" missed="0" covered="11"/><counter type="COMPLEXITY" missed="0" covered="1"/><counter type="METHOD" missed="0" covered="1"/></method><method name="engineDigest" desc="()[B" line="158"><counter type="INSTRUCTION" missed="6" covered="11"/><counter type="LINE" missed="2" covered="3"/><counter type="COMPLEXITY" missed="0" covered="1"/><counter type="METHOD" missed="0" covered="1"/></method><method name="engineDigest" desc="([BII)I" line="172"><counter type="INSTRUCTION" missed="10" covered="59"/><counter type="BRANCH" missed="2" covered="4"/><counter type="LINE" missed="2" covered="12"/><counter type="COMPLEXITY" missed="2" covered="2"/><counter type="METHOD" missed="0" covered="1"/></method><method name="engineGetDigestLength" desc="()I" line="210"><counter type="INSTRUCTION" missed="0" covered="2"/><counter type="LINE" missed="0" covered="1"/><counter type="COMPLEXITY" missed="0" covered="1"/><counter type="METHOD" missed="0" covered="1"/></method><method name="startNewType" desc="(J)V" line="216"><counter type="INSTRUCTION" missed="0" covered="9"/><counter type="LINE" missed="0" covered="3"/><counter type="COMPLEXITY" missed="0" covered="1"/><counter type="METHOD" missed="0" covered="1"/></method><method name="processBlock" desc="([BIII)V" line="223"><counter type="INSTRUCTION" missed="0" covered="755"/><counter type="BRANCH" missed="0" covered="4"/><counter type="LINE" missed="0" covered="71"/><counter type="COMPLEXITY" missed="0" covered="3"/><counter type="METHOD" missed="0" covered="1"/></method><method name="rotlXor" desc="(JIJ)J" line="308"><counter type="INSTRUCTION" missed="0" covered="11"/><counter type="LINE" missed="0" covered="1"/><counter type="COMPLEXITY" missed="0" covered="1"/><counter type="METHOD" missed="0" covered="1"/></method><method name="setBytes" desc="([BI[JI)V" line="314"><counter type="INSTRUCTION" missed="0" covered="87"/><counter type="BRANCH" missed="0" covered="2"/><counter type="LINE" missed="0" covered="11"/><counter type="COMPLEXITY" missed="0" covered="2"/><counter type="METHOD" missed="0" covered="1"/></method><method name="getLong" desc="([BI)J" line="331"><counter type="INSTRUCTION" missed="0" covered="81"/><counter type="LINE" missed="0" covered="1"/><counter type="COMPLEXITY" missed="0" covered="1"/><counter type="METHOD" missed="0" covered="1"/></method><method name="clone" desc="()Lorg/terifan/raccoon/security/Skein512;" line="345"><counter type="INSTRUCTION" missed="42" covered="0"/><counter type="LINE" missed="9" covered="0"/><counter type="COMPLEXITY" missed="1" covered="0"/><counter type="METHOD" missed="1" covered="0"/></method><method name="toString" desc="()Ljava/lang/String;" line="361"><counter type="INSTRUCTION" missed="2" covered="0"/><counter type="LINE" missed="1" covered="0"/><counter type="COMPLEXITY" missed="1" covered="0"/><counter type="METHOD" missed="1" covered="0"/></method><method name="&lt;clinit&gt;" desc="()V" line="44"><counter type="INSTRUCTION" missed="0" covered="27"/><counter type="BRANCH" missed="0" covered="2"/><counter type="LINE" missed="0" covered="6"/><counter type="COMPLEXITY" missed="0" covered="2"/><counter type="METHOD" missed="0" covered="1"/></method><counter type="INSTRUCTION" missed="93" covered="1203"/><counter type="BRANCH" missed="5" covered="19"/><counter type="LINE" missed="20" covered="143"/><counter type="COMPLEXITY" missed="8" covered="19"/><counter type="METHOD" missed="3" covered="12"/><counter type="CLASS" missed="0" covered="1"/></class><class name="org/terifan/raccoon/security/SecretKey"><method name="&lt;init&gt;" desc="([B)V" line="12"><counter type="INSTRUCTION" missed="0" covered="8"/><counter type="LINE" missed="0" covered="3"/><counter type="COMPLEXITY" missed="0" covered="1"/><counter type="METHOD" missed="0" covered="1"/></method><method name="bytes" desc="()[B" line="19"><counter type="INSTRUCTION" missed="0" covered="3"/><counter type="LINE" missed="0" covered="1"/><counter type="COMPLEXITY" missed="0" covered="1"/><counter type="METHOD" missed="0" covered="1"/></method><method name="reset" desc="()V" line="25"><counter type="INSTRUCTION" missed="5" covered="0"/><counter type="LINE" missed="2" covered="0"/><counter type="COMPLEXITY" missed="1" covered="0"/><counter type="METHOD" missed="1" covered="0"/></method><counter type="INSTRUCTION" missed="5" covered="11"/><counter type="LINE" missed="2" covered="4"/><counter type="COMPLEXITY" missed="1" covered="2"/><counter type="METHOD" missed="1" covered="2"/><counter type="CLASS" missed="0" covered="1"/></class><class name="org/terifan/raccoon/security/Whirlpool"><method name="&lt;init&gt;" desc="()V" line="93"><counter type="INSTRUCTION" missed="44" covered="0"/><counter type="LINE" missed="13" covered="0"/><counter type="COMPLEXITY" missed="1" covered="0"/><counter type="METHOD" missed="1" covered="0"/></method><method name="engineDigest" desc="()[B" line="116"><counter type="INSTRUCTION" missed="11" covered="0"/><counter type="LINE" missed="4" covered="0"/><counter type="COMPLEXITY" missed="1" covered="0"/><counter type="METHOD" missed="1" covered="0"/></method><method name="engineDigest" desc="([BII)I" line="126"><counter type="INSTRUCTION" missed="16" covered="0"/><counter type="BRANCH" missed="2" covered="0"/><counter type="LINE" missed="5" covered="0"/><counter type="COMPLEXITY" missed="2" covered="0"/><counter type="METHOD" missed="1" covered="0"/></method><method name="engineGetDigestLength" desc="()I" line="141"><counter type="INSTRUCTION" missed="2" covered="0"/><counter type="LINE" missed="1" covered="0"/><counter type="COMPLEXITY" missed="1" covered="0"/><counter type="METHOD" missed="1" covered="0"/></method><method name="engineReset" desc="()V" line="148"><counter type="INSTRUCTION" missed="20" covered="0"/><counter type="LINE" missed="5" covered="0"/><counter type="COMPLEXITY" missed="1" covered="0"/><counter type="METHOD" missed="1" covered="0"/></method><method name="engineUpdate" desc="(B)V" line="158"><counter type="INSTRUCTION" missed="12" covered="0"/><counter type="LINE" missed="3" covered="0"/><counter type="COMPLEXITY" missed="1" covered="0"/><counter type="METHOD" missed="1" covered="0"/></method><method name="engineUpdate" desc="([BII)V" line="166"><counter type="INSTRUCTION" missed="9" covered="0"/><counter type="LINE" missed="2" covered="0"/><counter type="COMPLEXITY" missed="1" covered="0"/><counter type="METHOD" missed="1" covered="0"/></method><method name="engineUpdate" desc="(Ljava/nio/ByteBuffer;)V" line="173"><counter type="INSTRUCTION" missed="9" covered="0"/><counter type="BRANCH" missed="2" covered="0"/><counter type="LINE" missed="3" covered="0"/><counter type="COMPLEXITY" missed="2" covered="0"/><counter type="METHOD" missed="1" covered="0"/></method><method name="processBuffer" desc="()V" line="185"><counter type="INSTRUCTION" missed="280" covered="0"/><counter type="BRANCH" missed="16" covered="0"/><counter type="LINE" missed="19" covered="0"/><counter type="COMPLEXITY" missed="9" covered="0"/><counter type="METHOD" missed="1" covered="0"/></method><method name="add" desc="([BIJ)V" line="244"><counter type="INSTRUCTION" missed="113" covered="0"/><counter type="BRANCH" missed="10" covered="0"/><counter type="LINE" missed="19" covered="0"/><counter type="COMPLEXITY" missed="6" covered="0"/><counter type="METHOD" missed="1" covered="0"/></method><method name="finalize" desc="([BI)V" line="281"><counter type="INSTRUCTION" missed="159" covered="0"/><counter type="BRANCH" missed="8" covered="0"/><counter type="LINE" missed="22" covered="0"/><counter type="COMPLEXITY" missed="5" covered="0"/><counter type="METHOD" missed="1" covered="0"/></method><method name="toString" desc="()Ljava/lang/String;" line="317"><counter type="INSTRUCTION" missed="2" covered="0"/><counter type="LINE" missed="1" covered="0"/><counter type="COMPLEXITY" missed="1" covered="0"/><counter type="METHOD" missed="1" covered="0"/></method><method name="clone" desc="()Lorg/terifan/raccoon/security/Whirlpool;" line="324"><counter type="INSTRUCTION" missed="56" covered="0"/><counter type="LINE" missed="11" covered="0"/><counter type="COMPLEXITY" missed="1" covered="0"/><counter type="METHOD" missed="1" covered="0"/></method><method name="&lt;clinit&gt;" desc="()V" line="25"><counter type="INSTRUCTION" missed="250" covered="0"/><counter type="BRANCH" missed="16" covered="0"/><counter type="LINE" missed="25" covered="0"/><counter type="COMPLEXITY" missed="9" covered="0"/><counter type="METHOD" missed="1" covered="0"/></method><counter type="INSTRUCTION" missed="983" covered="0"/><counter type="BRANCH" missed="54" covered="0"/><counter type="LINE" missed="133" covered="0"/><counter type="COMPLEXITY" missed="41" covered="0"/><counter type="METHOD" missed="14" covered="0"/><counter type="CLASS" missed="1" covered="0"/></class><class name="org/terifan/raccoon/security/CipherMode"><method name="values" desc="()[Lorg/terifan/raccoon/security/CipherMode;" line="7"><counter type="INSTRUCTION" missed="4" covered="0"/><counter type="LINE" missed="1" covered="0"/><counter type="COMPLEXITY" missed="1" covered="0"/><counter type="METHOD" missed="1" covered="0"/></method><method name="valueOf" desc="(Ljava/lang/String;)Lorg/terifan/raccoon/security/CipherMode;" line="7"><counter type="INSTRUCTION" missed="5" covered="0"/><counter type="LINE" missed="1" covered="0"/><counter type="COMPLEXITY" missed="1" covered="0"/><counter type="METHOD" missed="1" covered="0"/></method><method name="&lt;init&gt;" desc="(Ljava/lang/String;I)V" line="7"><counter type="INSTRUCTION" missed="0" covered="5"/><counter type="LINE" missed="0" covered="1"/><counter type="COMPLEXITY" missed="0" covered="1"/><counter type="METHOD" missed="0" covered="1"/></method><method name="&lt;clinit&gt;" desc="()V" line="7"><counter type="INSTRUCTION" missed="0" covered="24"/><counter type="LINE" missed="0" covered="3"/><counter type="COMPLEXITY" missed="0" covered="1"/><counter type="METHOD" missed="0" covered="1"/></method><counter type="INSTRUCTION" missed="9" covered="29"/><counter type="LINE" missed="0" covered="3"/><counter type="COMPLEXITY" missed="2" covered="2"/><counter type="METHOD" missed="2" covered="2"/><counter type="CLASS" missed="0" covered="1"/></class><class name="org/terifan/raccoon/security/SHA512"><method name="&lt;init&gt;" desc="()V" line="20"><counter type="INSTRUCTION" missed="0" covered="6"/><counter type="LINE" missed="0" covered="3"/><counter type="COMPLEXITY" missed="0" covered="1"/><counter type="METHOD" missed="0" covered="1"/></method><method name="&lt;init&gt;" desc="(Lorg/terifan/raccoon/security/SHA512;)V" line="30"><counter type="INSTRUCTION" missed="5" covered="0"/><counter type="LINE" missed="2" covered="0"/><counter type="COMPLEXITY" missed="1" covered="0"/><counter type="METHOD" missed="1" covered="0"/></method><method name="engineDigest" desc="([BII)I" line="37"><counter type="INSTRUCTION" missed="5" covered="74"/><counter type="BRANCH" missed="1" covered="1"/><counter type="LINE" missed="1" covered="12"/><counter type="COMPLEXITY" missed="1" covered="1"/><counter type="METHOD" missed="0" covered="1"/></method><method name="engineGetDigestLength" desc="()I" line="62"><counter type="INSTRUCTION" missed="0" covered="2"/><counter type="LINE" missed="0" covered="1"/><counter type="COMPLEXITY" missed="0" covered="1"/><counter type="METHOD" missed="0" covered="1"/></method><method name="engineReset" desc="()V" line="69"><counter type="INSTRUCTION" missed="0" covered="27"/><counter type="LINE" missed="0" covered="10"/><counter type="COMPLEXITY" missed="0" covered="1"/><counter type="METHOD" missed="0" covered="1"/></method><method name="toString" desc="()Ljava/lang/String;" line="89"><counter type="INSTRUCTION" missed="2" covered="0"/><counter type="LINE" missed="1" covered="0"/><counter type="COMPLEXITY" missed="1" covered="0"/><counter type="METHOD" missed="1" covered="0"/></method><method name="clone" desc="()Lorg/terifan/raccoon/security/SHA512;" line="96"><counter type="INSTRUCTION" missed="5" covered="0"/><counter type="LINE" missed="1" covered="0"/><counter type="COMPLEXITY" missed="1" covered="0"/><counter type="METHOD" missed="1" covered="0"/></method><counter type="INSTRUCTION" missed="17" covered="109"/><counter type="BRANCH" missed="1" covered="1"/><counter type="LINE" missed="5" covered="26"/><counter type="COMPLEXITY" missed="4" covered="4"/><counter type="METHOD" missed="3" covered="4"/><counter type="CLASS" missed="0" covered="1"/></class><class name="org/terifan/raccoon/security/InvalidKeyException"><method name="&lt;init&gt;" desc="()V" line="7"><counter type="INSTRUCTION" missed="3" covered="0"/><counter type="LINE" missed="2" covered="0"/><counter type="COMPLEXITY" missed="1" covered="0"/><counter type="METHOD" missed="1" covered="0"/></method><method name="&lt;init&gt;" desc="(Ljava/lang/String;)V" line="12"><counter type="INSTRUCTION" missed="4" covered="0"/><counter type="LINE" missed="2" covered="0"/><counter type="COMPLEXITY" missed="1" covered="0"/><counter type="METHOD" missed="1" covered="0"/></method><counter type="INSTRUCTION" missed="7" covered="0"/><counter type="LINE" missed="4" covered="0"/><counter type="COMPLEXITY" missed="2" covered="0"/><counter type="METHOD" missed="2" covered="0"/><counter type="CLASS" missed="1" covered="0"/></class><class name="org/terifan/raccoon/security/ISAAC"><method name="&lt;init&gt;" desc="()V" line="26"><counter type="INSTRUCTION" missed="0" covered="8"/><counter type="LINE" missed="0" covered="3"/><counter type="COMPLEXITY" missed="0" covered="1"/><counter type="METHOD" missed="0" covered="1"/></method><method name="&lt;init&gt;" desc="(J)V" line="35"><counter type="INSTRUCTION" missed="6" covered="0"/><counter type="LINE" missed="3" covered="0"/><counter type="COMPLEXITY" missed="1" covered="0"/><counter type="METHOD" missed="1" covered="0"/></method><method name="setSeed" desc="(J)V" line="42"><counter type="INSTRUCTION" missed="0" covered="33"/><counter type="BRANCH" missed="0" covered="2"/><counter type="LINE" missed="0" covered="7"/><counter type="COMPLEXITY" missed="0" covered="2"/><counter type="METHOD" missed="0" covered="1"/></method><method name="seedUniquifier" desc="()J" line="62"><counter type="INSTRUCTION" missed="1" covered="14"/><counter type="BRANCH" missed="1" covered="1"/><counter type="LINE" missed="1" covered="4"/><counter type="COMPLEXITY" missed="1" covered="1"/><counter type="METHOD" missed="0" covered="1"/></method><method name="initializeState" desc="([I)V" line="74"><counter type="INSTRUCTION" missed="0" covered="640"/><counter type="BRANCH" missed="0" covered="6"/><counter type="LINE" missed="0" covered="66"/><counter type="COMPLEXITY" missed="0" covered="4"/><counter type="METHOD" missed="0" covered="1"/></method><method name="nextSet" desc="()V" line="155"><counter type="INSTRUCTION" missed="0" covered="121"/><counter type="BRANCH" missed="1" covered="6"/><counter type="LINE" missed="0" covered="16"/><counter type="COMPLEXITY" missed="1" covered="5"/><counter type="METHOD" missed="0" covered="1"/></method><method name="nextBoolean" desc="()Z" line="191"><counter type="INSTRUCTION" missed="7" covered="0"/><counter type="BRANCH" missed="2" covered="0"/><counter type="LINE" missed="1" covered="0"/><counter type="COMPLEXITY" missed="2" covered="0"/><counter type="METHOD" missed="1" covered="0"/></method><method name="nextByte" desc="()B" line="200"><counter type="INSTRUCTION" missed="4" covered="0"/><counter type="LINE" missed="1" covered="0"/><counter type="COMPLEXITY" missed="1" covered="0"/><counter type="METHOD" missed="1" covered="0"/></method><method name="nextInt" desc="()I" line="209"><counter type="INSTRUCTION" missed="0" covered="16"/><counter type="BRANCH" missed="0" covered="2"/><counter type="LINE" missed="0" covered="3"/><counter type="COMPLEXITY" missed="0" covered="2"/><counter type="METHOD" missed="0" covered="1"/></method><method name="nextInt" desc="(I)I" line="225"><counter type="INSTRUCTION" missed="6" covered="0"/><counter type="LINE" missed="1" covered="0"/><counter type="COMPLEXITY" missed="1" covered="0"/><counter type="METHOD" missed="1" covered="0"/></method><method name="nextInts" desc="([I)[I" line="231"><counter type="INSTRUCTION" missed="7" covered="0"/><counter type="LINE" missed="1" covered="0"/><counter type="COMPLEXITY" missed="1" covered="0"/><counter type="METHOD" missed="1" covered="0"/></method><method name="nextInts" desc="([III)[I" line="237"><counter type="INSTRUCTION" missed="15" covered="0"/><counter type="BRANCH" missed="2" covered="0"/><counter type="LINE" missed="3" covered="0"/><counter type="COMPLEXITY" missed="2" covered="0"/><counter type="METHOD" missed="1" covered="0"/></method><method name="nextLong" desc="()J" line="250"><counter type="INSTRUCTION" missed="0" covered="10"/><counter type="LINE" missed="0" covered="1"/><counter type="COMPLEXITY" missed="0" covered="1"/><counter type="METHOD" missed="0" covered="1"/></method><method name="nextDouble" desc="()D" line="257"><counter type="INSTRUCTION" missed="15" covered="0"/><counter type="LINE" missed="1" covered="0"/><counter type="COMPLEXITY" missed="1" covered="0"/><counter type="METHOD" missed="1" covered="0"/></method><method name="nextFloat" desc="()F" line="264"><counter type="INSTRUCTION" missed="7" covered="0"/><counter type="LINE" missed="1" covered="0"/><counter type="COMPLEXITY" missed="1" covered="0"/><counter type="METHOD" missed="1" covered="0"/></method><method name="nextGaussian" desc="()D" line="271"><counter type="INSTRUCTION" missed="59" covered="0"/><counter type="BRANCH" missed="6" covered="0"/><counter type="LINE" missed="11" covered="0"/><counter type="COMPLEXITY" missed="4" covered="0"/><counter type="METHOD" missed="1" covered="0"/></method><method name="nextBytes" desc="([B)[B" line="299"><counter type="INSTRUCTION" missed="0" covered="9"/><counter type="LINE" missed="0" covered="2"/><counter type="COMPLEXITY" missed="0" covered="1"/><counter type="METHOD" missed="0" covered="1"/></method><method name="nextBytes" desc="([BII)[B" line="309"><counter type="INSTRUCTION" missed="2" covered="75"/><counter type="BRANCH" missed="1" covered="7"/><counter type="LINE" missed="1" covered="14"/><counter type="COMPLEXITY" missed="1" covered="4"/><counter type="METHOD" missed="0" covered="1"/></method><method name="nextProb" desc="([D)I" line="349"><counter type="INSTRUCTION" missed="58" covered="0"/><counter type="BRANCH" missed="6" covered="0"/><counter type="LINE" missed="10" covered="0"/><counter type="COMPLEXITY" missed="4" covered="0"/><counter type="METHOD" missed="1" covered="0"/></method><method name="&lt;clinit&gt;" desc="()V" line="13"><counter type="INSTRUCTION" missed="0" covered="6"/><counter type="LINE" missed="0" covered="1"/><counter type="COMPLEXITY" missed="0" covered="1"/><counter type="METHOD" missed="0" covered="1"/></method><counter type="INSTRUCTION" missed="187" covered="932"/><counter type="BRANCH" missed="19" covered="24"/><counter type="LINE" missed="35" covered="117"/><counter type="COMPLEXITY" missed="21" covered="22"/><counter type="METHOD" missed="10" covered="10"/><counter type="CLASS" missed="0" covered="1"/></class><class name="org/terifan/raccoon/security/Cipher$1"><method name="&lt;clinit&gt;" desc="()V" line="156"><counter type="INSTRUCTION" missed="19" covered="0"/><counter type="LINE" missed="1" covered="0"/><counter type="COMPLEXITY" missed="1" covered="0"/><counter type="METHOD" missed="1" covered="0"/></method><counter type="INSTRUCTION" missed="19" covered="0"/><counter type="LINE" missed="1" covered="0"/><counter type="COMPLEXITY" missed="1" covered="0"/><counter type="METHOD" missed="1" covered="0"/><counter type="CLASS" missed="1" covered="0"/></class><sourcefile name="HMAC.java"><line nr="17" mi="0" ci="11" mb="0" cb="0"/><line nr="19" mi="0" ci="3" mb="0" cb="0"/><line nr="20" mi="0" ci="1" mb="0" cb="0"/><line nr="25" mi="0" ci="3" mb="0" cb="0"/><line nr="27" mi="0" ci="3" mb="0" cb="0"/><line nr="28" mi="0" ci="1" mb="0" cb="0"/><line nr="42" mi="3" ci="0" mb="0" cb="0"/><line nr="46" mi="5" ci="0" mb="0" cb="0"/><line nr="48" mi="1" ci="0" mb="0" cb="0"/><line nr="50" mi="6" ci="0" mb="0" cb="0"/><line nr="51" mi="1" ci="0" mb="0" cb="0"/><line nr="52" mi="1" ci="0" mb="0" cb="0"/><line nr="57" mi="0" ci="3" mb="0" cb="0"/><line nr="60" mi="0" ci="4" mb="0" cb="2"/><line nr="62" mi="0" ci="3" mb="0" cb="0"/><line nr="66" mi="0" ci="2" mb="0" cb="0"/><line nr="69" mi="0" ci="4" mb="1" cb="1"/><line nr="71" mi="5" ci="0" mb="0" cb="0"/><line nr="74" mi="0" ci="4" mb="0" cb="0"/><line nr="76" mi="0" ci="8" mb="0" cb="0"/><line nr="78" mi="0" ci="6" mb="0" cb="0"/><line nr="80" mi="0" ci="9" mb="0" cb="2"/><line nr="82" mi="0" ci="9" mb="0" cb="0"/><line nr="83" mi="0" ci="9" mb="0" cb="0"/><line nr="86" mi="0" ci="2" mb="0" cb="0"/><line nr="87" mi="0" ci="1" mb="0" cb="0"/><line nr="92" mi="0" ci="3" mb="0" cb="0"/><line nr="99" mi="0" ci="4" mb="0" cb="0"/><line nr="100" mi="0" ci="5" mb="0" cb="0"/><line nr="101" mi="0" ci="5" mb="0" cb="0"/><line nr="103" mi="0" ci="2" mb="0" cb="0"/><line nr="105" mi="0" ci="2" mb="0" cb="0"/><line nr="112" mi="4" ci="0" mb="0" cb="0"/><line nr="119" mi="0" ci="3" mb="0" cb="0"/><line nr="120" mi="0" ci="5" mb="0" cb="0"/><line nr="121" mi="0" ci="1" mb="0" cb="0"/><line nr="127" mi="4" ci="0" mb="0" cb="0"/><line nr="128" mi="1" ci="0" mb="0" cb="0"/><line nr="134" mi="0" ci="6" mb="0" cb="0"/><line nr="135" mi="0" ci="1" mb="0" cb="0"/><line nr="141" mi="8" ci="0" mb="0" cb="0"/><line nr="142" mi="6" ci="0" mb="0" cb="0"/><line nr="143" mi="6" ci="0" mb="0" cb="0"/><line nr="144" mi="2" ci="0" mb="0" cb="0"/><line nr="151" mi="11" ci="0" mb="0" cb="0"/><line nr="158" mi="3" ci="0" mb="0" cb="0"/><line nr="159" mi="4" ci="0" mb="0" cb="0"/><line nr="160" mi="4" ci="0" mb="0" cb="0"/><line nr="161" mi="2" ci="0" mb="0" cb="0"/><line nr="162" mi="1" ci="0" mb="0" cb="0"/><counter type="INSTRUCTION" missed="78" covered="123"/><counter type="BRANCH" missed="1" covered="5"/><counter type="LINE" missed="20" covered="30"/><counter type="COMPLEXITY" missed="7" covered="9"/><counter type="METHOD" missed="6" covered="7"/><counter type="CLASS" missed="0" covered="1"/></sourcefile><sourcefile name="PBKDF2.java"><line nr="15" mi="2" ci="0" mb="0" cb="0"/><line nr="16" mi="1" ci="0" mb="0" cb="0"/><line nr="21" mi="9" ci="0" mb="0" cb="0"/><line nr="34" mi="0" ci="3" mb="1" cb="1"/><line nr="36" mi="5" ci="0" mb="0" cb="0"/><line nr="38" mi="0" ci="3" mb="1" cb="1"/><line nr="40" mi="5" ci="0" mb="0" cb="0"/><line nr="42" mi="0" ci="2" mb="1" cb="1"/><line nr="44" mi="5" ci="0" mb="0" cb="0"/><line nr="46" mi="0" ci="2" mb="1" cb="1"/><line nr="48" mi="5" ci="0" mb="0" cb="0"/><line nr="53" mi="0" ci="4" mb="0" cb="0"/><line nr="54" mi="0" ci="8" mb="0" cb="0"/><line nr="56" mi="0" ci="5" mb="0" cb="0"/><line nr="57" mi="0" ci="8" mb="0" cb="0"/><line nr="62" mi="0" ci="13" mb="0" cb="2"/><line nr="65" mi="0" ci="13" mb="0" cb="0"/><line nr="71" mi="0" ci="5" mb="0" cb="0"/><line nr="91" mi="0" ci="2" mb="0" cb="0"/><line nr="92" mi="0" ci="3" mb="0" cb="0"/><line nr="93" mi="0" ci="3" mb="0" cb="0"/><line nr="94" mi="0" ci="3" mb="0" cb="0"/><line nr="95" mi="0" ci="3" mb="0" cb="0"/><line nr="96" mi="0" ci="3" mb="0" cb="0"/><line nr="97" mi="0" ci="3" mb="0" cb="0"/><line nr="98" mi="0" ci="1" mb="0" cb="0"/><line nr="104" mi="0" ci="13" mb="0" cb="0"/><line nr="105" mi="0" ci="13" mb="0" cb="0"/><line nr="106" mi="0" ci="13" mb="0" cb="0"/><line nr="107" mi="0" ci="11" mb="0" cb="0"/><line nr="109" mi="0" ci="6" mb="0" cb="0"/><line nr="111" mi="0" ci="9" mb="0" cb="0"/><line nr="113" mi="0" ci="8" mb="0" cb="2"/><line nr="115" mi="0" ci="5" mb="0" cb="0"/><line nr="117" mi="0" ci="8" mb="0" cb="2"/><line nr="119" mi="0" ci="14" mb="0" cb="0"/><line nr="123" mi="0" ci="2" mb="0" cb="0"/><counter type="INSTRUCTION" missed="32" covered="189"/><counter type="BRANCH" missed="4" covered="10"/><counter type="LINE" missed="7" covered="30"/><counter type="COMPLEXITY" missed="6" covered="6"/><counter type="METHOD" missed="2" covered="3"/><counter type="CLASS" missed="0" covered="2"/></sourcefile><sourcefile name="SHABase.java"><line nr="27" mi="4" ci="4" mb="0" cb="0"/><line nr="33" mi="0" ci="3" mb="0" cb="0"/><line nr="35" mi="0" ci="4" mb="0" cb="0"/><line nr="36" mi="0" ci="3" mb="0" cb="0"/><line nr="38" mi="0" ci="2" mb="0" cb="0"/><line nr="39" mi="0" ci="1" mb="0" cb="0"/><line nr="46" mi="3" ci="0" mb="0" cb="0"/><line nr="48" mi="6" ci="0" mb="0" cb="0"/><line nr="49" mi="4" ci="0" mb="0" cb="0"/><line nr="50" mi="4" ci="0" mb="0" cb="0"/><line nr="51" mi="4" ci="0" mb="0" cb="0"/><line nr="52" mi="4" ci="0" mb="0" cb="0"/><line nr="53" mi="4" ci="0" mb="0" cb="0"/><line nr="54" mi="4" ci="0" mb="0" cb="0"/><line nr="55" mi="4" ci="0" mb="0" cb="0"/><line nr="56" mi="4" ci="0" mb="0" cb="0"/><line nr="57" mi="4" ci="0" mb="0" cb="0"/><line nr="58" mi="4" ci="0" mb="0" cb="0"/><line nr="59" mi="4" ci="0" mb="0" cb="0"/><line nr="60" mi="6" ci="0" mb="0" cb="0"/><line nr="61" mi="4" ci="0" mb="0" cb="0"/><line nr="62" mi="1" ci="0" mb="0" cb="0"/><line nr="68" mi="0" ci="4" mb="0" cb="0"/><line nr="72" mi="0" ci="7" mb="0" cb="0"/><line nr="74" mi="1" ci="0" mb="0" cb="0"/><line nr="76" mi="5" ci="0" mb="0" cb="0"/><line nr="77" mi="0" ci="1" mb="0" cb="0"/><line nr="79" mi="0" ci="2" mb="0" cb="0"/><line nr="86" mi="3" ci="0" mb="2" cb="0"/><line nr="88" mi="5" ci="0" mb="0" cb="0"/><line nr="90" mi="1" ci="0" mb="0" cb="0"/><line nr="96" mi="0" ci="11" mb="0" cb="0"/><line nr="98" mi="0" ci="6" mb="0" cb="2"/><line nr="100" mi="0" ci="5" mb="0" cb="0"/><line nr="101" mi="0" ci="3" mb="0" cb="0"/><line nr="104" mi="0" ci="6" mb="0" cb="0"/><line nr="105" mi="0" ci="1" mb="0" cb="0"/><line nr="117" mi="2" ci="3" mb="3" cb="1"/><line nr="119" mi="5" ci="0" mb="0" cb="0"/><line nr="121" mi="1" ci="0" mb="0" cb="0"/><line nr="122" mi="2" ci="0" mb="0" cb="0"/><line nr="128" mi="0" ci="5" mb="0" cb="2"/><line nr="130" mi="0" ci="4" mb="0" cb="0"/><line nr="132" mi="0" ci="6" mb="0" cb="0"/><line nr="133" mi="0" ci="6" mb="0" cb="0"/><line nr="134" mi="0" ci="10" mb="0" cb="0"/><line nr="140" mi="0" ci="2" mb="0" cb="2"/><line nr="142" mi="0" ci="5" mb="0" cb="0"/><line nr="144" mi="0" ci="1" mb="0" cb="0"/><line nr="145" mi="0" ci="2" mb="0" cb="0"/><line nr="147" mi="0" ci="1" mb="0" cb="0"/><line nr="151" mi="0" ci="2" mb="0" cb="0"/><line
[...]
e="METHOD" missed="1" covered="0"/></method><method name="putLong" desc="([BIJ)V" line="188"><counter type="INSTRUCTION" missed="70" covered="0"/><counter type="LINE" missed="9" covered="0"/><counter type="COMPLEXITY" missed="1" covered="0"/><counter type="METHOD" missed="1" covered="0"/></method><method name="equals" desc="([BI[BII)Z" line="201"><counter type="INSTRUCTION" missed="36" covered="0"/><counter type="BRANCH" missed="8" covered="0"/><counter type="LINE" missed="8" covered="0"/><counter type="COMPLEXITY" missed="5" covered="0"/><counter type="METHOD" missed="1" covered="0"/></method><method name="encodeUTF8" desc="(Ljava/lang/String;)[B" line="222"><counter type="INSTRUCTION" missed="112" covered="0"/><counter type="BRANCH" missed="10" covered="0"/><counter type="LINE" missed="15" covered="0"/><counter type="COMPLEXITY" missed="6" covered="0"/><counter type="METHOD" missed="1" covered="0"/></method><method name="decodeUTF8" desc="(Ljava/io/DataInput;I)Ljava/lang/String;" line="256"><counter type="INSTRUCTION" missed="93" covered="0"/><counter type="BRANCH" missed="8" covered="0"/><counter type="LINE" missed="12" covered="0"/><counter type="COMPLEXITY" missed="5" covered="0"/><counter type="METHOD" missed="1" covered="0"/></method><counter type="INSTRUCTION" missed="616" covered="0"/><counter type="BRANCH" missed="38" covered="0"/><counter type="LINE" missed="86" covered="0"/><counter type="COMPLEXITY" missed="37" covered="0"/><counter type="METHOD" missed="18" covered="0"/><counter type="CLASS" missed="1" covered="0"/></class><class name="org/terifan/raccoon/util/EOFException"><method name="&lt;init&gt;" desc="(Ljava/lang/String;)V" line="8"><counter type="INSTRUCTION" missed="0" covered="4"/><counter type="LINE" missed="0" covered="2"/><counter type="COMPLEXITY" missed="0" covered="1"/><counter type="METHOD" missed="0" covered="1"/></method><counter type="INSTRUCTION" missed="0" covered="4"/><counter type="LINE" missed="0" covered="2"/><counter type="COMPLEXITY" missed="0" covered="1"/><counter type="METHOD" missed="0" covered="1"/><counter type="CLASS" missed="0" covered="1"/></class><sourcefile name="Log.java"><line nr="6" mi="3" ci="0" mb="0" cb="0"/><line nr="8" mi="0" ci="2" mb="0" cb="0"/><line nr="10" mi="0" ci="3" mb="0" cb="0"/><line nr="19" mi="0" ci="4" mb="0" cb="0"/><line nr="20" mi="0" ci="1" mb="0" cb="0"/><line nr="25" mi="0" ci="4" mb="0" cb="0"/><line nr="26" mi="0" ci="1" mb="0" cb="0"/><line nr="31" mi="4" ci="0" mb="0" cb="0"/><line nr="32" mi="1" ci="0" mb="0" cb="0"/><line nr="37" mi="4" ci="0" mb="0" cb="0"/><line nr="38" mi="1" ci="0" mb="0" cb="0"/><line nr="43" mi="4" ci="0" mb="0" cb="0"/><line nr="44" mi="1" ci="0" mb="0" cb="0"/><line nr="49" mi="0" ci="4" mb="0" cb="0"/><line nr="50" mi="0" ci="1" mb="0" cb="0"/><line nr="55" mi="0" ci="4" mb="0" cb="0"/><line nr="56" mi="0" ci="1" mb="0" cb="0"/><line nr="61" mi="0" ci="4" mb="0" cb="0"/><line nr="62" mi="0" ci="1" mb="0" cb="0"/><line nr="67" mi="2" ci="3" mb="3" cb="1"/><line nr="69" mi="18" ci="0" mb="0" cb="0"/><line nr="71" mi="3" ci="0" mb="0" cb="0"/><line nr="72" mi="5" ci="0" mb="0" cb="0"/><line nr="73" mi="8" ci="0" mb="0" cb="0"/><line nr="74" mi="5" ci="0" mb="0" cb="0"/><line nr="75" mi="17" ci="0" mb="0" cb="0"/><line nr="78" mi="2" ci="0" mb="7" cb="0"/><line nr="80" mi="3" ci="0" mb="0" cb="0"/><line nr="81" mi="3" ci="0" mb="0" cb="0"/><line nr="82" mi="3" ci="0" mb="0" cb="0"/><line nr="83" mi="3" ci="0" mb="0" cb="0"/><line nr="84" mi="3" ci="0" mb="0" cb="0"/><line nr="85" mi="3" ci="0" mb="0" cb="0"/><line nr="86" mi="2" ci="0" mb="0" cb="0"/><line nr="89" mi="26" ci="0" mb="0" cb="0"/><line nr="91" mi="0" ci="1" mb="0" cb="0"/><line nr="96" mi="2" ci="0" mb="2" cb="0"/><line nr="98" mi="3" ci="0" mb="0" cb="0"/><line nr="99" mi="1" ci="0" mb="0" cb="0"/><line nr="101" mi="3" ci="0" mb="2" cb="0"/><line nr="103" mi="3" ci="0" mb="0" cb="0"/><line nr="104" mi="1" ci="0" mb="0" cb="0"/><line nr="107" mi="2" ci="0" mb="0" cb="0"/><line nr="108" mi="2" ci="0" mb="0" cb="0"/><line nr="110" mi="5" ci="0" mb="0" cb="0"/><line nr="111" mi="5" ci="0" mb="0" cb="0"/><line nr="113" mi="13" ci="0" mb="4" cb="0"/><line nr="115" mi="14" ci="0" mb="0" cb="0"/><line nr="117" mi="8" ci="0" mb="0" cb="0"/><line nr="119" mi="11" ci="0" mb="4" cb="0"/><line nr="121" mi="7" ci="0" mb="0" cb="0"/><line nr="123" mi="12" ci="0" mb="0" cb="0"/><line nr="124" mi="10" ci="0" mb="2" cb="0"/><line nr="125" mi="1" ci="0" mb="0" cb="0"/><line nr="127" mi="5" ci="0" mb="2" cb="0"/><line nr="129" mi="4" ci="0" mb="0" cb="0"/><line nr="130" mi="1" ci="0" mb="0" cb="0"/><line nr="134" mi="7" ci="0" mb="2" cb="0"/><line nr="136" mi="4" ci="0" mb="0" cb="0"/><line nr="139" mi="6" ci="0" mb="0" cb="0"/><line nr="141" mi="3" ci="0" mb="0" cb="0"/><line nr="142" mi="3" ci="0" mb="0" cb="0"/><line nr="144" mi="1" ci="0" mb="0" cb="0"/><counter type="INSTRUCTION" missed="261" covered="34"/><counter type="BRANCH" missed="28" covered="1"/><counter type="LINE" missed="49" covered="14"/><counter type="COMPLEXITY" missed="22" covered="7"/><counter type="METHOD" missed="5" covered="7"/><counter type="CLASS" missed="0" covered="1"/></sourcefile><sourcefile name="ByteArray.java"><line nr="15" mi="2" ci="0" mb="0" cb="0"/><line nr="16" mi="1" ci="0" mb="0" cb="0"/><line nr="27" mi="3" ci="0" mb="0" cb="0"/><line nr="31" mi="4" ci="0" mb="2" cb="0"/><line nr="33" mi="3" ci="0" mb="0" cb="0"/><line nr="34" mi="1" ci="0" mb="0" cb="0"/><line nr="38" mi="7" ci="0" mb="0" cb="0"/><line nr="39" mi="5" ci="0" mb="0" cb="0"/><line nr="54" mi="3" ci="0" mb="0" cb="0"/><line nr="58" mi="6" ci="0" mb="2" cb="0"/><line nr="60" mi="4" ci="0" mb="0" cb="0"/><line nr="61" mi="1" ci="0" mb="0" cb="0"/><line nr="65" mi="10" ci="0" mb="0" cb="0"/><line nr="66" mi="5" ci="0" mb="0" cb="0"/><line nr="81" mi="2" ci="0" mb="0" cb="0"/><line nr="82" mi="7" ci="0" mb="2" cb="0"/><line nr="84" mi="3" ci="0" mb="0" cb="0"/><line nr="85" mi="8" ci="0" mb="0" cb="0"/><line nr="86" mi="4" ci="0" mb="2" cb="0"/><line nr="88" mi="3" ci="0" mb="0" cb="0"/><line nr="91" mi="4" ci="0" mb="0" cb="0"/><line nr="104" mi="2" ci="0" mb="0" cb="0"/><line nr="105" mi="7" ci="0" mb="2" cb="0"/><line nr="107" mi="3" ci="0" mb="0" cb="0"/><line nr="108" mi="9" ci="0" mb="0" cb="0"/><line nr="109" mi="4" ci="0" mb="2" cb="0"/><line nr="111" mi="3" ci="0" mb="0" cb="0"/><line nr="114" mi="4" ci="0" mb="0" cb="0"/><line nr="121" mi="8" ci="0" mb="0" cb="0"/><line nr="127" mi="9" ci="0" mb="0" cb="0"/><line nr="133" mi="8" ci="0" mb="0" cb="0"/><line nr="139" mi="9" ci="0" mb="0" cb="0"/><line nr="145" mi="7" ci="0" mb="0" cb="0"/><line nr="151" mi="7" ci="0" mb="0" cb="0"/><line nr="152" mi="1" ci="0" mb="0" cb="0"/><line nr="157" mi="33" ci="0" mb="0" cb="0"/><line nr="166" mi="75" ci="0" mb="0" cb="0"/><line nr="179" mi="8" ci="0" mb="0" cb="0"/><line nr="180" mi="8" ci="0" mb="0" cb="0"/><line nr="181" mi="8" ci="0" mb="0" cb="0"/><line nr="182" mi="5" ci="0" mb="0" cb="0"/><line nr="183" mi="1" ci="0" mb="0" cb="0"/><line nr="188" mi="9" ci="0" mb="0" cb="0"/><line nr="189" mi="9" ci="0" mb="0" cb="0"/><line nr="190" mi="9" ci="0" mb="0" cb="0"/><line nr="191" mi="9" ci="0" mb="0" cb="0"/><line nr="192" mi="9" ci="0" mb="0" cb="0"/><line nr="193" mi="9" ci="0" mb="0" cb="0"/><line nr="194" mi="9" ci="0" mb="0" cb="0"/><line nr="195" mi="6" ci="0" mb="0" cb="0"/><line nr="196" mi="1" ci="0" mb="0" cb="0"/><line nr="201" mi="6" ci="0" mb="2" cb="0"/><line nr="203" mi="2" ci="0" mb="0" cb="0"/><line nr="205" mi="6" ci="0" mb="2" cb="0"/><line nr="207" mi="2" ci="0" mb="0" cb="0"/><line nr="209" mi="7" ci="0" mb="2" cb="0"/><line nr="211" mi="9" ci="0" mb="2" cb="0"/><line nr="213" mi="2" ci="0" mb="0" cb="0"/><line nr="216" mi="2" ci="0" mb="0" cb="0"/><line nr="222" mi="4" ci="0" mb="0" cb="0"/><line nr="223" mi="2" ci="0" mb="0" cb="0"/><line nr="225" mi="10" ci="0" mb="2" cb="0"/><line nr="227" mi="6" ci="0" mb="2" cb="0"/><line nr="229" mi="10" ci="0" mb="0" cb="0"/><line nr="232" mi="4" ci="0" mb="0" cb="0"/><line nr="233" mi="5" ci="0" mb="4" cb="0"/><line nr="235" mi="7" ci="0" mb="0" cb="0"/><line nr="237" mi="3" ci="0" mb="2" cb="0"/><line nr="239" mi="12" ci="0" mb="0" cb="0"/><line nr="240" mi="12" ci="0" mb="0" cb="0"/><line nr="241" mi="11" ci="0" mb="0" cb="0"/><line nr="245" mi="12" ci="0" mb="0" cb="0"/><line nr="246" mi="10" ci="0" mb="0" cb="0"/><line nr="250" mi="4" ci="0" mb="0" cb="0"/><line nr="256" mi="3" ci="0" mb="0" cb="0"/><line nr="257" mi="2" ci="0" mb="0" cb="0"/><line nr="259" mi="7" ci="0" mb="2" cb="0"/><line nr="261" mi="3" ci="0" mb="0" cb="0"/><line nr="263" mi="3" ci="0" mb="2" cb="0"/><line nr="265" mi="7" ci="0" mb="0" cb="0"/><line nr="267" mi="5" ci="0" mb="2" cb="0"/><line nr="269" mi="16" ci="0" mb="0" cb="0"/><line nr="271" mi="5" ci="0" mb="2" cb="0"/><line nr="273" mi="23" ci="0" mb="0" cb="0"/><line nr="277" mi="12" ci="0" mb="0" cb="0"/><line nr="281" mi="7" ci="0" mb="0" cb="0"/><counter type="INSTRUCTION" missed="616" covered="0"/><counter type="BRANCH" missed="38" covered="0"/><counter type="LINE" missed="86" covered="0"/><counter type="COMPLEXITY" missed="37" covered="0"/><counter type="METHOD" missed="18" covered="0"/><counter type="CLASS" missed="1" covered="0"/></sourcefile><sourcefile name="Result.java"><line nr="31" mi="0" ci="2" mb="0" cb="0"/><line nr="32" mi="0" ci="1" mb="0" cb="0"/><line nr="39" mi="0" ci="2" mb="0" cb="0"/><line nr="40" mi="0" ci="3" mb="0" cb="0"/><line nr="41" mi="0" ci="1" mb="0" cb="0"/><line nr="49" mi="0" ci="3" mb="0" cb="0"/><line nr="58" mi="0" ci="3" mb="0" cb="0"/><line nr="59" mi="0" ci="1" mb="0" cb="0"/><counter type="INSTRUCTION" missed="0" covered="16"/><counter type="LINE" missed="0" covered="8"/><counter type="COMPLEXITY" missed="0" covered="4"/><counter type="METHOD" missed="0" covered="4"/><counter type="CLASS" missed="0" covered="1"/></sourcefile><sourcefile name="EOFException.java"><line nr="8" mi="0" ci="3" mb="0" cb="0"/><line nr="9" mi="0" ci="1" mb="0" cb="0"/><counter type="INSTRUCTION" missed="0" covered="4"/><counter type="LINE" missed="0" covered="2"/><counter type="COMPLEXITY" missed="0" covered="1"/><counter type="METHOD" missed="0" covered="1"/><counter type="CLASS" missed="0" covered="1"/></sourcefile><sourcefile name="ByteArrayBuffer.java"><line nr="10" mi="0" ci="8" mb="0" cb="0"/><line nr="24" mi="0" ci="2" mb="0" cb="0"/><line nr="25" mi="0" ci="4" mb="0" cb="0"/><line nr="26" mi="0" ci="3" mb="0" cb="0"/><line nr="27" mi="0" ci="3" mb="0" cb="0"/><line nr="28" mi="0" ci="3" mb="0" cb="0"/><line nr="29" mi="0" ci="1" mb="0" cb="0"/><line nr="36" mi="0" ci="2" mb="0" cb="0"/><line nr="37" mi="0" ci="4" mb="0" cb="0"/><line nr="38" mi="0" ci="1" mb="0" cb="0"/><line nr="43" mi="0" ci="4" mb="0" cb="0"/><line nr="49" mi="0" ci="7" mb="0" cb="0"/><line nr="50" mi="0" ci="6" mb="0" cb="0"/><line nr="51" mi="0" ci="2" mb="0" cb="0"/><line nr="57" mi="0" ci="3" mb="0" cb="0"/><line nr="58" mi="0" ci="2" mb="0" cb="0"/><line nr="64" mi="3" ci="0" mb="0" cb="0"/><line nr="70" mi="0" ci="2" mb="0" cb="0"/><line nr="71" mi="0" ci="3" mb="0" cb="0"/><line nr="72" mi="0" ci="2" mb="0" cb="0"/><line nr="78" mi="0" ci="3" mb="0" cb="0"/><line nr="84" mi="2" ci="0" mb="0" cb="0"/><line nr="85" mi="6" ci="0" mb="0" cb="0"/><line nr="86" mi="2" ci="0" mb="0" cb="0"/><line nr="92" mi="0" ci="6" mb="0" cb="0"/><line nr="98" mi="0" ci="8" mb="0" cb="2"/><line nr="100" mi="0" ci="3" mb="0" cb="2"/><line nr="102" mi="0" ci="23" mb="0" cb="0"/><line nr="105" mi="0" ci="14" mb="0" cb="0"/><line nr="108" mi="0" ci="2" mb="0" cb="0"/><line nr="114" mi="0" ci="6" mb="0" cb="2"/><line nr="116" mi="0" ci="8" mb="0" cb="0"/><line nr="118" mi="0" ci="2" mb="0" cb="0"/><line nr="124" mi="0" ci="2" mb="0" cb="0"/><line nr="126" mi="0" ci="3" mb="0" cb="0"/><line nr="132" mi="0" ci="3" mb="0" cb="0"/><line nr="133" mi="0" ci="3" mb="0" cb="0"/><line nr="134" mi="0" ci="3" mb="0" cb="0"/><line nr="135" mi="0" ci="3" mb="0" cb="0"/><line nr="136" mi="0" ci="3" mb="0" cb="0"/><line nr="137" mi="0" ci="2" mb="0" cb="0"/><line nr="143" mi="0" ci="11" mb="2" cb="2"/><line nr="145" mi="24" ci="0" mb="0" cb="0"/><line nr="148" mi="0" ci="2" mb="0" cb="0"/><line nr="150" mi="0" ci="13" mb="0" cb="0"/><line nr="156" mi="0" ci="2" mb="0" cb="0"/><line nr="158" mi="0" ci="6" mb="0" cb="2"/><line nr="160" mi="0" ci="4" mb="0" cb="0"/><line nr="163" mi="0" ci="12" mb="0" cb="0"/><line nr="164" mi="0" ci="2" mb="0" cb="0"/><line nr="175" mi="0" ci="9" mb="1" cb="1"/><line nr="177" mi="0" ci="3" mb="0" cb="0"/><line nr="178" mi="0" ci="8" mb="0" cb="0"/><line nr="179" mi="0" ci="4" mb="0" cb="2"/><line nr="181" mi="0" ci="3" mb="0" cb="0"/><line nr="185" mi="5" ci="0" mb="0" cb="0"/><line nr="197" mi="0" ci="3" mb="0" cb="0"/><line nr="201" mi="0" ci="4" mb="0" cb="2"/><line nr="203" mi="0" ci="4" mb="0" cb="0"/><line nr="204" mi="0" ci="2" mb="0" cb="0"/><line nr="208" mi="0" ci="8" mb="0" cb="0"/><line nr="209" mi="0" ci="5" mb="0" cb="0"/><line nr="222" mi="0" ci="2" mb="0" cb="0"/><line nr="223" mi="0" ci="7" mb="1" cb="1"/><line nr="225" mi="0" ci="3" mb="0" cb="0"/><line nr="226" mi="0" ci="9" mb="0" cb="0"/><line nr="227" mi="0" ci="4" mb="0" cb="2"/><line nr="229" mi="0" ci="3" mb="0" cb="0"/><line nr="233" mi="5" ci="0" mb="0" cb="0"/><line nr="245" mi="0" ci="3" mb="0" cb="0"/><line nr="249" mi="0" ci="6" mb="0" cb="2"/><line nr="251" mi="0" ci="5" mb="0" cb="0"/><line nr="252" mi="0" ci="2" mb="0" cb="0"/><line nr="256" mi="0" ci="11" mb="0" cb="0"/><line nr="257" mi="0" ci="5" mb="0" cb="0"/><line nr="265" mi="0" ci="7" mb="0" cb="0"/><line nr="271" mi="0" ci="2" mb="0" cb="0"/><line nr="273" mi="0" ci="5" mb="0" cb="0"/><line nr="275" mi="0" ci="8" mb="0" cb="0"/><line nr="276" mi="0" ci="6" mb="0" cb="0"/><line nr="278" mi="0" ci="2" mb="0" cb="0"/><line nr="284" mi="0" ci="7" mb="0" cb="0"/><line nr="290" mi="0" ci="2" mb="0" cb="0"/><line nr="291" mi="0" ci="4" mb="0" cb="0"/><line nr="293" mi="0" ci="8" mb="0" cb="0"/><line nr="294" mi="0" ci="6" mb="0" cb="0"/><line nr="295" mi="0" ci="2" mb="0" cb="0"/><line nr="301" mi="0" ci="2" mb="0" cb="0"/><line nr="302" mi="0" ci="3" mb="0" cb="0"/><line nr="303" mi="0" ci="3" mb="0" cb="0"/><line nr="304" mi="0" ci="7" mb="0" cb="0"/><line nr="310" mi="0" ci="2" mb="0" cb="0"/><line nr="311" mi="0" ci="4" mb="0" cb="0"/><line nr="312" mi="0" ci="14" mb="0" cb="0"/><line nr="313" mi="0" ci="12" mb="0" cb="0"/><line nr="314" mi="0" ci="2" mb="0" cb="0"/><line nr="320" mi="0" ci="2" mb="0" cb="0"/><line nr="321" mi="0" ci="3" mb="0" cb="0"/><line nr="322" mi="0" ci="3" mb="0" cb="0"/><line nr="323" mi="0" ci="3" mb="0" cb="0"/><line nr="324" mi="0" ci="3" mb="0" cb="0"/><line nr="325" mi="0" ci="14" mb="0" cb="0"/><line nr="331" mi="0" ci="2" mb="0" cb="0"/><line nr="332" mi="0" ci="4" mb="0" cb="0"/><line nr="333" mi="0" ci="14" mb="0" cb="0"/><line nr="334" mi="0" ci="14" mb="0" cb="0"/><line nr="335" mi="0" ci="14" mb="0" cb="0"/><line nr="336" mi="0" ci="12" mb="0" cb="0"/><line nr="337" mi="0" ci="2" mb="0" cb="0"/><line nr="343" mi="0" ci="2" mb="0" cb="0"/><line nr="344" mi="0" ci="7" mb="0" cb="0"/><line nr="345" mi="0" ci="76" mb="0" cb="0"/><line nr="358" mi="0" ci="2" mb="0" cb="0"/><line nr="359" mi="0" ci="4" mb="0" cb="0"/><line nr="360" mi="0" ci="15" mb="0" cb="0"/><line nr="361" mi="0" ci="15" mb="0" cb="0"/><line nr="362" mi="0" ci="15" mb="0" cb="0"/><line nr="363" mi="0" ci="15" mb="0" cb="0"/><line nr="364" mi="0" ci="15" mb="0" cb="0"/><line nr="365" mi="0" ci="15" mb="0" cb="0"/><line nr="366" mi="0" ci="15" mb="0" cb="0"/><line nr="367" mi="0" ci="13" mb="0" cb="0"/><line nr="368" mi="0" ci="2" mb="0" cb="0"/><line nr="374" mi="0" ci="4" mb="0" cb="0"/><line nr="380" mi="0" ci="5" mb="0" cb="0"/><line nr="386" mi="0" ci="4" mb="0" cb="0"/><line nr="392" mi="0" ci="5" mb="0" cb="0"/><line nr="398" mi="0" ci="2" mb="0" cb="0"/><line nr="399" mi="0" ci="3" mb="0" cb="0"/><line nr="401" mi="0" ci="9" mb="0" cb="2"/><line nr="403" mi="0" ci="3" mb="0" cb="0"/><line nr="405" mi="0" ci="3" mb="0" cb="2"/><line nr="407" mi="0" ci="7" mb="0" cb="0"/><line nr="409" mi="0" ci="5" mb="1" cb="1"/><line nr="411" mi="0" ci="16" mb="0" cb="0"/><line nr="413" mi="5" ci="0" mb="2" cb="0"/><line nr="415" mi="23" ci="0" mb="0" cb="0"/><line nr="419" mi="12" ci="0" mb="0" cb="0"/><line nr="423" mi="0" ci="5" mb="0" cb="0"/><line nr="429" mi="0" ci="2" mb="0" cb="0"/><line nr="430" mi="0" ci="5" mb="0" cb="0"/><line nr="432" mi="0" ci="8" mb="0" cb="2"/><line nr="434" mi="0" ci="4" mb="0" cb="0"/><line nr="436" mi="0" ci="5" mb="1" cb="3"/><line nr="438" mi="0" ci="5" mb="0" cb="0"/><line nr="440" mi="0" ci="3" mb="1" cb="1"/><line nr="442" mi="10" ci="0" mb="0" cb="0"/><line nr="443" mi="10" ci="0" mb="0" cb="0"/><line nr="444" mi="9" ci="0" mb="0" cb="0"/><line nr="448" mi="0" ci="10" mb="0" cb="0"/><line nr="449" mi="0" ci="8" mb="0" cb="0"/><line nr="452" mi="0" ci="2" mb="0" cb="0"/><line nr="458" mi="0" ci="3" mb="0" cb="2"/><line nr="460" mi="0" ci="4" mb="0" cb="0"/><line nr="462" mi="0" ci="3" mb="0" cb="0"/><line nr="465" mi="0" ci="6" mb="0" cb="0"/><line nr="466" mi="0" ci="8" mb="0" cb="0"/><line nr="467" mi="0" ci="13" mb="0" cb="0"/><line nr="469" mi="0" ci="2" mb="0" cb="0"/><line nr="475" mi="8" ci="0" mb="2" cb="0"/><line nr="481" mi="0" ci="14" mb="0" cb="0"/><line nr="483" mi="0" ci="3" mb="0" cb="2"/><line nr="485" mi="0" ci="4" mb="0" cb="0"/><line nr="486" mi="0" ci="13" mb="0" cb="0"/><line nr="487" mi="0" ci="3" mb="0" cb="0"/><line nr="488" mi="0" ci="3" mb="0" cb="0"/><line nr="491" mi="0" ci="2" mb="0" cb="0"/><line nr="497" mi="0" ci="2" mb="0" cb="0"/><line nr="499" mi="0" ci="4" mb="0" cb="2"/><line nr="501" mi="0" ci="5" mb="0" cb="0"/><line nr="502" mi="0" ci="7" mb="0" cb="0"/><line nr="503" mi="0" ci="4" mb="0" cb="0"/><line nr="504" mi="0" ci="4" mb="0" cb="0"/><line nr="507" mi="0" ci="2" mb="1" cb="1"/><line nr="509" mi="0" ci="6" mb="0" cb="0"/><line nr="510" mi="0" ci="8" mb="0" cb="0"/><line nr="511" mi="0" ci="13" mb="0" cb="0"/><line nr="514" mi="0" ci="2" mb="0" cb="0"/><line nr="520" mi="0" ci="3" mb="0" cb="2"/><line nr="522" mi="0" ci="9" mb="0" cb="0"/><line nr="525" mi="0" ci="2" mb="0" cb="0"/><line nr="531" mi="0" ci="4" mb="0" cb="2"/><line nr="533" mi="0" ci="4" mb="0" cb="0"/><line nr="534" mi="0" ci="8" mb="0" cb="0"/><line nr="535" mi="0" ci="6" mb="0" cb="0"/><line nr="538" mi="0" ci="3" mb="0" cb="0"/><line nr="539" mi="0" ci="3" mb="0" cb="0"/><line nr="540" mi="0" ci="3" mb="0" cb="0"/><line nr="541" mi="0" ci="1" mb="0" cb="0"/><line nr="546" mi="0" ci="4" mb="0" cb="2"/><line nr="548" mi="0" ci="4" mb="0" cb="0"/><line nr="549" mi="0" ci="8" mb="0" cb="0"/><line nr="551" mi="0" ci="1" mb="0" cb="0"/><line nr="556" mi="0" ci="8" mb="0" cb="0"/><line nr="562" mi="0" ci="9" mb="0" cb="0"/><line nr="568" mi="0" ci="8" mb="0" cb="0"/><line nr="574" mi="0" ci="9" mb="0" cb="0"/><counter type="INSTRUCTION" missed="124" covered="1091"/><counter type="BRANCH" missed="12" covered="44"/><counter type="LINE" missed="14" covered="183"/><counter type="COMPLEXITY" missed="13" covered="62"/><counter type="METHOD" missed="3" covered="44"/><counter type="CLASS" missed="0" covered="1"/></sourcefile><counter type="INSTRUCTION" missed="1001" covered="1145"/><counter type="BRANCH" missed="78" covered="45"/><counter type="LINE" missed="149" covered="207"/><counter type="COMPLEXITY" missed="72" covered="74"/><counter type="METHOD" missed="26" covered="56"/><counter type="CLASS" missed="1" covered="4"/></package><counter type="INSTRUCTION" missed="17094" covered="33876"/><counter type="BRANCH" missed="826" covered="1067"/><counter type="LINE" missed="1733" covered="4266"/><counter type="COMPLEXITY" missed="852" covered="907"/><counter type="METHOD" missed="256" covered="521"/><counter type="CLASS" missed="17" covered="67"/></report>